Log file open, 05/10/20 13:26:42
LogWindows: Failed to load 'aqProf.dll' (GetLastError=126)
LogWindows: File 'aqProf.dll' does not exist
LogWindows: Failed to load 'VtuneApi.dll' (GetLastError=126)
LogWindows: File 'VtuneApi.dll' does not exist
LogWindows: Failed to load 'VtuneApi32e.dll' (GetLastError=126)
LogWindows: File 'VtuneApi32e.dll' does not exist
LogConsoleResponse: Display: Failed to find resolution value strings in scalability ini. Falling back to default.
LogInit: Display: Running engine for game: RPG
LogPlatformFile: Not using cached read wrapper
LogTaskGraph: Started task graph with 5 named threads and 20 total threads with 3 sets of task threads.
LogStats: Stats thread started at 0.129515
LogD3D11RHI: Loaded GFSDK_Aftermath_Lib.x64.dll
LogICUInternationalization: ICU TimeZone Detection - Raw Offset: -5:00, Platform Override: ''
LogPluginManager: Mounting plugin Paper2D
LogPluginManager: Mounting plugin AISupport
LogPluginManager: Mounting plugin LightPropagationVolume
LogPluginManager: Mounting plugin ActorLayerUtilities
LogPluginManager: Mounting plugin AnimationSharing
LogPluginManager: Mounting plugin CLionSourceCodeAccess
LogPluginManager: Mounting plugin CodeLiteSourceCodeAccess
LogPluginManager: Mounting plugin GitSourceControl
LogPluginManager: Mounting plugin KDevelopSourceCodeAccess
LogPluginManager: Mounting plugin NullSourceCodeAccess
LogPluginManager: Mounting plugin PerforceSourceControl
LogPluginManager: Mounting plugin PlasticSourceControl
LogPluginManager: Mounting plugin SubversionSourceControl
LogPluginManager: Mounting plugin UObjectPlugin
LogPluginManager: Mounting plugin VisualStudioCodeSourceCodeAccess
LogPluginManager: Mounting plugin VisualStudioSourceCodeAccess
LogPluginManager: Mounting plugin XCodeSourceCodeAccess
LogPluginManager: Mounting plugin AssetManagerEditor
LogPluginManager: Mounting plugin CryptoKeys
LogPluginManager: Mounting plugin CurveEditorTools
LogPluginManager: Mounting plugin DataValidation
LogPluginManager: Mounting plugin FacialAnimation
LogPluginManager: Mounting plugin GameplayTagsEditor
LogPluginManager: Mounting plugin MacGraphicsSwitching
LogPluginManager: Mounting plugin MaterialAnalyzer
LogPluginManager: Mounting plugin MobileLauncherProfileWizard
LogPluginManager: Mounting plugin PluginBrowser
LogPluginManager: Mounting plugin SpeedTreeImporter
LogPluginManager: Mounting plugin DatasmithContent
LogPluginManager: Mounting plugin VariantManagerContent
LogPluginManager: Mounting plugin AlembicImporter
LogPluginManager: Mounting plugin AutomationUtils
LogPluginManager: Mounting plugin BackChannel
LogPluginManager: Mounting plugin CharacterAI
LogPluginManager: Mounting plugin GeometryCache
LogPluginManager: Mounting plugin PlatformCrypto
LogPluginManager: Mounting plugin ProxyLODPlugin
LogPluginManager: Mounting plugin SkeletalReduction
LogPluginManager: Mounting plugin MagicLeap
LogPluginManager: Mounting plugin MagicLeapMedia
LogPluginManager: Mounting plugin MLSDK
LogPluginManager: Mounting plugin AndroidMedia
LogPluginManager: Mounting plugin AvfMedia
LogPluginManager: Mounting plugin ImgMedia
LogPluginManager: Mounting plugin MediaCompositing
LogPluginManager: Mounting plugin MediaPlayerEditor
LogPluginManager: Mounting plugin WebMMedia
LogPluginManager: Mounting plugin WmfMedia
LogPluginManager: Mounting plugin TcpMessaging
LogPluginManager: Mounting plugin UdpMessaging
LogPluginManager: Mounting plugin ActorSequence
LogPluginManager: Mounting plugin LevelSequenceEditor
LogPluginManager: Mounting plugin MatineeToLevelSequence
LogPluginManager: Mounting plugin NetcodeUnitTest
LogPluginManager: Mounting plugin NUTUnrealEngine4
LogPluginManager: Mounting plugin OnlineSubsystemGooglePlay
LogPluginManager: Mounting plugin OnlineSubsystemIOS
LogPluginManager: Mounting plugin OnlineSubsystem
LogPluginManager: Mounting plugin OnlineSubsystemNull
LogPluginManager: Mounting plugin OnlineSubsystemUtils
LogPluginManager: Mounting plugin LauncherChunkInstaller
LogPluginManager: Mounting plugin AndroidDeviceProfileSelector
LogPluginManager: Mounting plugin AndroidMoviePlayer
LogPluginManager: Mounting plugin AndroidPermission
LogPluginManager: Mounting plugin AppleImageUtils
LogPluginManager: Mounting plugin AppleMoviePlayer
LogPluginManager: Mounting plugin ArchVisCharacter
LogPluginManager: Mounting plugin AssetTags
LogPluginManager: Mounting plugin AudioCapture
LogPluginManager: Mounting plugin CableComponent
LogPluginManager: Mounting plugin CustomMeshComponent
LogPluginManager: Mounting plugin EditableMesh
LogPluginManager: Mounting plugin ExampleDeviceProfileSelector
LogPluginManager: Mounting plugin GoogleCloudMessaging
LogPluginManager: Mounting plugin IOSDeviceProfileSelector
LogPluginManager: Mounting plugin LinuxDeviceProfileSelector
LogPluginManager: Mounting plugin LocationServicesBPLibrary
LogPluginManager: Mounting plugin MobilePatchingUtils
LogPluginManager: Mounting plugin OculusVR
LogPluginManager: Mounting plugin PhysXVehicles
LogPluginManager: Mounting plugin PostSplashScreen
LogPluginManager: Mounting plugin ProceduralMeshComponent
LogPluginManager: Mounting plugin RuntimePhysXCooking
LogPluginManager: Mounting plugin SignificanceManager
LogPluginManager: Mounting plugin SteamVR
LogPluginManager: Mounting plugin WebMMoviePlayer
LogPluginManager: Mounting plugin WindowsMoviePlayer
LogPluginManager: Mounting plugin ScreenshotTools
LogInit: Using libcurl 7.55.1-DEV
LogInit:  - built for x86_64-pc-win32
LogInit:  - supports SSL with OpenSSL/1.1.1
LogInit:  - supports HTTP deflate (compression) using libz 1.2.8
LogInit:  - other features:
LogInit:      CURL_VERSION_SSL
LogInit:      CURL_VERSION_LIBZ
LogInit:      CURL_VERSION_IPV6
LogInit:      CURL_VERSION_ASYNCHDNS
LogInit:      CURL_VERSION_LARGEFILE
LogInit:      CURL_VERSION_IDN
LogInit:  CurlRequestOptions (configurable via config and command line):
LogInit:  - bVerifyPeer = true  - Libcurl will verify peer certificate
LogInit:  - bUseHttpProxy = false  - Libcurl will NOT use HTTP proxy
LogInit:  - bDontReuseConnections = false  - Libcurl will reuse connections
LogInit:  - MaxHostConnections = 16  - Libcurl will limit the number of connections to a host
LogInit:  - LocalHostAddr = Default
LogInit:  - BufferSize = 65536
LogOnline: OSS: Creating online subsystem instance for: NULL
LogInit: WinSock: version 1.1 (2.2), MaxSocks=32767, MaxUdp=65467
LogOnline: OSS: TryLoadSubsystemAndSetDefault: Loaded subsystem for module [NULL]
LogInit: Build: ++UE4+Release-4.24-CL-11590370
LogInit: Engine Version: 4.24.3-11590370+++UE4+Release-4.24
LogInit: Compatible Engine Version: 4.24.0-10570792+++UE4+Release-4.24
LogInit: Net CL: 10570792
LogInit: OS: Windows 10 (Release 1909) (), CPU: AMD Phenom(tm) II X6 1055T Processor, GPU: NVIDIA GeForce GTX 950
LogInit: Compiled (64-bit): Feb 24 2020 15:39:18
LogInit: Compiled with Visual C++: 19.16.27032.01
LogInit: Build Configuration: Development
LogInit: Branch Name: ++UE4+Release-4.24
LogInit: Command Line:  -EpicPortal -epicusername=ntilbe -epicuserid=ac34117f08b7496cb1bebd74c8414edf -epiclocale=en
LogInit: Base Directory: C:/Program Files/Epic Games/UE_4.24/Engine/Binaries/Win64/
LogInit: Installed Engine Build: 1
LogDevObjectVersion: Number of dev versions registered: 25
LogDevObjectVersion:   Dev-Blueprints (B0D832E4-1F89-4F0D-ACCF-7EB736FD4AA2): 10
LogDevObjectVersion:   Dev-Build (E1C64328-A22C-4D53-A36C-8E866417BD8C): 0
LogDevObjectVersion:   Dev-Core (375EC13C-06E4-48FB-B500-84F0262A717E): 3
LogDevObjectVersion:   Dev-Editor (E4B068ED-F494-42E9-A231-DA0B2E46BB41): 37
LogDevObjectVersion:   Dev-Framework (CFFC743F-43B0-4480-9391-14DF171D2073): 36
LogDevObjectVersion:   Dev-Mobile (B02B49B5-BB20-44E9-A304-32B752E40360): 2
LogDevObjectVersion:   Dev-Networking (A4E4105C-59A1-49B5-A7C5-40C4547EDFEE): 0
LogDevObjectVersion:   Dev-Online (39C831C9-5AE6-47DC-9A44-9C173E1C8E7C): 0
LogDevObjectVersion:   Dev-Physics (78F01B33-EBEA-4F98-B9B4-84EACCB95AA2): 2
LogDevObjectVersion:   Dev-Platform (6631380F-2D4D-43E0-8009-CF276956A95A): 0
LogDevObjectVersion:   Dev-Rendering (12F88B9F-8875-4AFC-A67C-D90C383ABD29): 36
LogDevObjectVersion:   Dev-Sequencer (7B5AE74C-D270-4C10-A958-57980B212A5A): 11
LogDevObjectVersion:   Dev-VR (D7296918-1DD6-4BDD-9DE2-64A83CC13884): 2
LogDevObjectVersion:   Dev-LoadTimes (C2A15278-BFE7-4AFE-6C17-90FF531DF755): 1
LogDevObjectVersion:   Private-Geometry (6EACA3D4-40EC-4CC1-B786-8BED09428FC5): 3
LogDevObjectVersion:   Dev-AnimPhys (29E575DD-E0A3-4627-9D10-D276232CDCEA): 17
LogDevObjectVersion:   Dev-Anim (AF43A65D-7FD3-4947-9873-3E8ED9C1BB05): 2
LogDevObjectVersion:   Dev-ReflectionCapture (6B266CEC-1EC7-4B8F-A30B-E4D90942FC07): 1
LogDevObjectVersion:   Dev-Automation (0DF73D61-A23F-47EA-B727-89E90C41499A): 1
LogDevObjectVersion:   FortniteMain (601D1886-AC64-4F84-AA16-D3DE0DEAC7D6): 31
LogDevObjectVersion:   Dev-Enterprise (9DFFBCD6-494F-0158-E221-12823C92A888): 8
LogDevObjectVersion:   Dev-Niagara (F2AED0AC-9AFE-416F-8664-AA7FFA26D6FC): 1
LogDevObjectVersion:   Dev-Destruction (174F1F0B-B4C6-45A5-B13F-2EE8D0FB917D): 9
LogDevObjectVersion:   Dev-Physics-Ext (35F94A83-E258-406C-A318-09F59610247C): 8
LogDevObjectVersion:   Dev-CineCamera (B2E18506-4273-CFC2-A54E-F4BB758BBA07): 1
LogInit: Presizing for max 25165824 objects, including 0 objects not considered by GC, pre-allocating 0 bytes for permanent pool.
LogInit: Object subsystem initialized
LogConfig: Setting CVar [[con.DebugEarlyDefault:1]]
LogConfig: Setting CVar [[r.setres:1280x720]]
[2020.05.10-17.26.42:794][  0]LogConfig: Setting CVar [[r.VSync:0]]
[2020.05.10-17.26.42:794][  0]LogConfig: Setting CVar [[r.RHICmdBypass:0]]
[2020.05.10-17.26.42:794][  0]LogConfig: Applying CVar settings from Section [/Script/Engine.RendererSettings] File [C:/Users/User/Documents/Unreal Projects/RPG/Saved/Config/Windows/Engine.ini]
[2020.05.10-17.26.42:794][  0]LogConfig: Setting CVar [[r.GPUCrashDebugging:0]]
[2020.05.10-17.26.42:794][  0]LogConfig: Applying CVar settings from Section [/Script/Engine.RendererOverrideSettings] File [C:/Users/User/Documents/Unreal Projects/RPG/Saved/Config/Windows/Engine.ini]
[2020.05.10-17.26.42:794][  0]LogConfig: Applying CVar settings from Section [/Script/Engine.StreamingSettings] File [C:/Users/User/Documents/Unreal Projects/RPG/Saved/Config/Windows/Engine.ini]
[2020.05.10-17.26.42:794][  0]LogConfig: Setting CVar [[s.MinBulkDataSizeForAsyncLoading:131072]]
[2020.05.10-17.26.42:794][  0]LogConfig: Setting CVar [[s.AsyncLoadingThreadEnabled:0]]
[2020.05.10-17.26.42:794][  0]LogConfig: Setting CVar [[s.EventDrivenLoaderEnabled:1]]
[2020.05.10-17.26.42:794][  0]LogConfig: Setting CVar [[s.WarnIfTimeLimitExceeded:0]]
[2020.05.10-17.26.42:794][  0]LogConfig: Setting CVar [[s.TimeLimitExceededMultiplier:1.5]]
[2020.05.10-17.26.42:794][  0]LogConfig: Setting CVar [[s.TimeLimitExceededMinTime:0.005]]
[2020.05.10-17.26.42:794][  0]LogConfig: Setting CVar [[s.UseBackgroundLevelStreaming:1]]
[2020.05.10-17.26.42:794][  0]LogConfig: Setting CVar [[s.PriorityAsyncLoadingExtraTime:15.0]]
[2020.05.10-17.26.42:794][  0]LogConfig: Setting CVar [[s.LevelStreamingActorsUpdateTimeLimit:5.0]]
[2020.05.10-17.26.42:794][  0]LogConfig: Setting CVar [[s.PriorityLevelStreamingActorsUpdateExtraTime:5.0]]
[2020.05.10-17.26.42:794][  0]LogConfig: Setting CVar [[s.LevelStreamingComponentsRegistrationGranularity:10]]
[2020.05.10-17.26.42:794][  0]LogConfig: Setting CVar [[s.UnregisterComponentsTimeLimit:1.0]]
[2020.05.10-17.26.42:794][  0]LogConfig: Setting CVar [[s.LevelStreamingComponentsUnregistrationGranularity:5]]
[2020.05.10-17.26.42:794][  0]LogConfig: Setting CVar [[s.FlushStreamingOnExit:1]]
[2020.05.10-17.26.42:794][  0]LogConfig: Applying CVar settings from Section [/Script/Engine.GarbageCollectionSettings] File [C:/Users/User/Documents/Unreal Projects/RPG/Saved/Config/Windows/Engine.ini]
[2020.05.10-17.26.42:794][  0]LogConfig: Setting CVar [[gc.MaxObjectsNotConsideredByGC:1]]
[2020.05.10-17.26.42:794][  0]LogConfig: Setting CVar [[gc.SizeOfPermanentObjectPool:0]]
[2020.05.10-17.26.42:794][  0]LogConfig: Setting CVar [[gc.FlushStreamingOnGC:0]]
[2020.05.10-17.26.42:794][  0]LogConfig: Setting CVar [[gc.NumRetriesBeforeForcingGC:10]]
[2020.05.10-17.26.42:794][  0]LogConfig: Setting CVar [[gc.AllowParallelGC:1]]
[2020.05.10-17.26.42:794][  0]LogConfig: Setting CVar [[gc.TimeBetweenPurgingPendingKillObjects:61.1]]
[2020.05.10-17.26.42:794][  0]LogConfig: Setting CVar [[gc.MaxObjectsInEditor:25165824]]
[2020.05.10-17.26.42:794][  0]LogConfig: Setting CVar [[gc.IncrementalBeginDestroyEnabled:1]]
[2020.05.10-17.26.42:794][  0]LogConfig: Setting CVar [[gc.CreateGCClusters:1]]
[2020.05.10-17.26.42:794][  0]LogConfig: Setting CVar [[gc.MinGCClusterSize:5]]
[2020.05.10-17.26.42:794][  0]LogConfig: Setting CVar [[gc.ActorClusteringEnabled:0]]
[2020.05.10-17.26.42:794][  0]LogConfig: Setting CVar [[gc.BlueprintClusteringEnabled:0]]
[2020.05.10-17.26.42:794][  0]LogConfig: Setting CVar [[gc.UseDisregardForGCOnDedicatedServers:0]]
[2020.05.10-17.26.42:794][  0]LogConfig: Applying CVar settings from Section [/Script/Engine.NetworkSettings] File [C:/Users/User/Documents/Unreal Projects/RPG/Saved/Config/Windows/Engine.ini]
[2020.05.10-17.26.42:794][  0]LogConfig: Applying CVar settings from Section [/Script/UnrealEd.CookerSettings] File [C:/Users/User/Documents/Unreal Projects/RPG/Saved/Config/Windows/Engine.ini]
[2020.05.10-17.26.42:802][  0]LogConfig: Applying CVar settings from Section [ViewDistanceQuality@3] File [C:/Users/User/Documents/Unreal Projects/RPG/Saved/Config/Windows/Scalability.ini]
[2020.05.10-17.26.42:802][  0]LogConfig: Setting CVar [[r.SkeletalMeshLODBias:0]]
[2020.05.10-17.26.42:802][  0]LogConfig: Setting CVar [[r.ViewDistanceScale:1.0]]
[2020.05.10-17.26.42:802][  0]LogConfig: Applying CVar settings from Section [AntiAliasingQuality@3] File [C:/Users/User/Documents/Unreal Projects/RPG/Saved/Config/Windows/Scalability.ini]
[2020.05.10-17.26.42:802][  0]LogConfig: Setting CVar [[r.PostProcessAAQuality:4]]
[2020.05.10-17.26.42:802][  0]LogConfig: Applying CVar settings from Section [ShadowQuality@3] File [C:/Users/User/Documents/Unreal Projects/RPG/Saved/Config/Windows/Scalability.ini]
[2020.05.10-17.26.42:802][  0]LogConfig: Setting CVar [[r.LightFunctionQuality:1]]
[2020.05.10-17.26.42:802][  0]LogConfig: Setting CVar [[r.ShadowQuality:5]]
[2020.05.10-17.26.42:802][  0]LogConfig: Setting CVar [[r.Shadow.CSM.MaxCascades:10]]
[2020.05.10-17.26.42:802][  0]LogConfig: Setting CVar [[r.Shadow.MaxResolution:2048]]
[2020.05.10-17.26.42:802][  0]LogConfig: Setting CVar [[r.Shadow.MaxCSMResolution:2048]]
[2020.05.10-17.26.42:802][  0]LogConfig: Setting CVar [[r.Shadow.RadiusThreshold:0.01]]
[2020.05.10-17.26.42:802][  0]LogConfig: Setting CVar [[r.Shadow.DistanceScale:1.0]]
[2020.05.10-17.26.42:802][  0]LogConfig: Setting CVar [[r.Shadow.CSM.TransitionScale:1.0]]
[2020.05.10-17.26.42:802][  0]LogConfig: Setting CVar [[r.Shadow.PreShadowResolutionFactor:1.0]]
[2020.05.10-17.26.42:802][  0]LogConfig: Setting CVar [[r.DistanceFieldShadowing:1]]
[2020.05.10-17.26.42:802][  0]LogConfig: Setting CVar [[r.DistanceFieldAO:1]]
[2020.05.10-17.26.42:802][  0]LogConfig: Setting CVar [[r.AOQuality:2]]
[2020.05.10-17.26.42:802][  0]LogConfig: Setting CVar [[r.VolumetricFog:1]]
[2020.05.10-17.26.42:802][  0]LogConfig: Setting CVar [[r.VolumetricFog.GridPixelSize:8]]
[2020.05.10-17.26.42:802][  0]LogConfig: Setting CVar [[r.VolumetricFog.GridSizeZ:128]]
[2020.05.10-17.26.42:802][  0]LogConfig: Setting CVar [[r.VolumetricFog.HistoryMissSupersampleCount:4]]
[2020.05.10-17.26.42:802][  0]LogConfig: Setting CVar [[r.LightMaxDrawDistanceScale:1]]
[2020.05.10-17.26.42:802][  0]LogConfig: Setting CVar [[r.CapsuleShadows:1]]
[2020.05.10-17.26.42:802][  0]LogConfig: Applying CVar settings from Section [PostProcessQuality@3] File [C:/Users/User/Documents/Unreal Projects/RPG/Saved/Config/Windows/Scalability.ini]
[2020.05.10-17.26.42:802][  0]LogConfig: Setting CVar [[r.MotionBlurQuality:4]]
[2020.05.10-17.26.42:802][  0]LogConfig: Setting CVar [[r.AmbientOcclusionMipLevelFactor:0.4]]
[2020.05.10-17.26.42:802][  0]LogConfig: Setting CVar [[r.AmbientOcclusionMaxQuality:100]]
[2020.05.10-17.26.42:802][  0]LogConfig: Setting CVar [[r.AmbientOcclusionLevels:-1]]
[2020.05.10-17.26.42:802][  0]LogConfig: Setting CVar [[r.AmbientOcclusionRadiusScale:1.0]]
[2020.05.10-17.26.42:802][  0]LogConfig: Setting CVar [[r.DepthOfFieldQuality:2]]
[2020.05.10-17.26.42:802][  0]LogConfig: Setting CVar [[r.RenderTargetPoolMin:400]]
[2020.05.10-17.26.42:802][  0]LogConfig: Setting CVar [[r.LensFlareQuality:2]]
[2020.05.10-17.26.42:802][  0]LogConfig: Setting CVar [[r.SceneColorFringeQuality:1]]
[2020.05.10-17.26.42:802][  0]LogConfig: Setting CVar [[r.EyeAdaptationQuality:2]]
[2020.05.10-17.26.42:802][  0]LogConfig: Setting CVar [[r.BloomQuality:5]]
[2020.05.10-17.26.42:802][  0]LogConfig: Setting CVar [[r.FastBlurThreshold:100]]
[2020.05.10-17.26.42:802][  0]LogConfig: Setting CVar [[r.Upscale.Quality:3]]
[2020.05.10-17.26.42:803][  0]LogConfig: Setting CVar [[r.Tonemapper.GrainQuantization:1]]
[2020.05.10-17.26.42:803][  0]LogConfig: Setting CVar [[r.LightShaftQuality:1]]
[2020.05.10-17.26.42:803][  0]LogConfig: Setting CVar [[r.Filter.SizeScale:1]]
[2020.05.10-17.26.42:803][  0]LogConfig: Setting CVar [[r.Tonemapper.Quality:5]]
[2020.05.10-17.26.42:803][  0]LogConfig: Setting CVar [[r.DOF.Gather.AccumulatorQuality:1        ; higher gathering accumulator quality]]
[2020.05.10-17.26.42:803][  0]LogConfig: Setting CVar [[r.DOF.Gather.PostfilterMethod:1          ; Median3x3 postfilering method]]
[2020.05.10-17.26.42:803][  0]LogConfig: Setting CVar [[r.DOF.Gather.EnableBokehSettings:0       ; no bokeh simulation when gathering]]
[2020.05.10-17.26.42:803][  0]LogConfig: Setting CVar [[r.DOF.Gather.RingCount:4                 ; medium number of samples when gathering]]
[2020.05.10-17.26.42:803][  0]LogConfig: Setting CVar [[r.DOF.Scatter.ForegroundCompositing:1    ; additive foreground scattering]]
[2020.05.10-17.26.42:803][  0]LogConfig: Setting CVar [[r.DOF.Scatter.BackgroundCompositing:2    ; additive background scattering]]
[2020.05.10-17.26.42:803][  0]LogConfig: Setting CVar [[r.DOF.Scatter.EnableBokehSettings:1      ; bokeh simulation when scattering]]
[2020.05.10-17.26.42:803][  0]LogConfig: Setting CVar [[r.DOF.Scatter.MaxSpriteRatio:0.1         ; only a maximum of 10% of scattered bokeh]]
[2020.05.10-17.26.42:803][  0]LogConfig: Setting CVar [[r.DOF.Recombine.Quality:1                ; cheap slight out of focus]]
[2020.05.10-17.26.42:803][  0]LogConfig: Setting CVar [[r.DOF.Recombine.EnableBokehSettings:0    ; no bokeh simulation on slight out of focus]]
[2020.05.10-17.26.42:803][  0]LogConfig: Setting CVar [[r.DOF.TemporalAAQuality:1                ; more stable temporal accumulation]]
[2020.05.10-17.26.42:803][  0]LogConfig: Setting CVar [[r.DOF.Kernel.MaxForegroundRadius:0.025]]
[2020.05.10-17.26.42:803][  0]LogConfig: Setting CVar [[r.DOF.Kernel.MaxBackgroundRadius:0.025]]
[2020.05.10-17.26.42:803][  0]LogConfig: Applying CVar settings from Section [TextureQuality@3] File [C:/Users/User/Documents/Unreal Projects/RPG/Saved/Config/Windows/Scalability.ini]
[2020.05.10-17.26.42:803][  0]LogConfig: Setting CVar [[r.Streaming.MipBias:0]]
[2020.05.10-17.26.42:803][  0]LogConfig: Setting CVar [[r.Streaming.AmortizeCPUToGPUCopy:0]]
[2020.05.10-17.26.42:803][  0]LogConfig: Setting CVar [[r.Streaming.MaxNumTexturesToStreamPerFrame:0]]
[2020.05.10-17.26.42:803][  0]LogConfig: Setting CVar [[r.Streaming.Boost:1]]
[2020.05.10-17.26.42:803][  0]LogConfig: Setting CVar [[r.MaxAnisotropy:8]]
[2020.05.10-17.26.42:803][  0]LogConfig: Setting CVar [[r.VT.MaxAnisotropy:8]]
[2020.05.10-17.26.42:803][  0]LogConfig: Setting CVar [[r.Streaming.LimitPoolSizeToVRAM:0]]
[2020.05.10-17.26.42:803][  0]LogConfig: Setting CVar [[r.Streaming.PoolSize:1000]]
[2020.05.10-17.26.42:803][  0]LogConfig: Setting CVar [[r.Streaming.MaxEffectiveScreenSize:0]]
[2020.05.10-17.26.42:803][  0]LogConfig: Applying CVar settings from Section [EffectsQuality@3] File [C:/Users/User/Documents/Unreal Projects/RPG/Saved/Config/Windows/Scalability.ini]
[2020.05.10-17.26.42:803][  0]LogConfig: Setting CVar [[r.TranslucencyLightingVolumeDim:64]]
[2020.05.10-17.26.42:803][  0]LogConfig: Setting CVar [[r.RefractionQuality:2]]
[2020.05.10-17.26.42:803][  0]LogConfig: Setting CVar [[r.SSR.Quality:3]]
[2020.05.10-17.26.42:803][  0]LogConfig: Setting CVar [[r.SSR.HalfResSceneColor:0]]
[2020.05.10-17.26.42:803][  0]LogConfig: Setting CVar [[r.SceneColorFormat:4]]
[2020.05.10-17.26.42:803][  0]LogConfig: Setting CVar [[r.DetailMode:2]]
[2020.05.10-17.26.42:803][  0]LogConfig: Setting CVar [[r.TranslucencyVolumeBlur:1]]
[2020.05.10-17.26.42:804][  0]LogConfig: Setting CVar [[r.MaterialQualityLevel:1 ; High quality]]
[2020.05.10-17.26.42:804][  0]LogConfig: Setting CVar [[r.SSS.Scale:1]]
[2020.05.10-17.26.42:804][  0]LogConfig: Setting CVar [[r.SSS.SampleSet:2]]
[2020.05.10-17.26.42:804][  0]LogConfig: Setting CVar [[r.SSS.Quality:1]]
[2020.05.10-17.26.42:804][  0]LogConfig: Setting CVar [[r.SSS.HalfRes:1]]
[2020.05.10-17.26.42:804][  0]LogConfig: Setting CVar [[r.SSGI.Quality:3]]
[2020.05.10-17.26.42:804][  0]LogConfig: Setting CVar [[r.EmitterSpawnRateScale:1.0]]
[2020.05.10-17.26.42:804][  0]LogConfig: Setting CVar [[r.ParticleLightQuality:2]]
[2020.05.10-17.26.42:804][  0]LogConfig: Setting CVar [[r.SkyAtmosphere.AerialPerspectiveLUT.FastApplyOnOpaque:1 ; Always have FastSkyLUT 1 in this case to avoid wrong sky]]
[2020.05.10-17.26.42:804][  0]LogConfig: Setting CVar [[r.SkyAtmosphere.AerialPerspectiveLUT.SampleCountPerSlice:1]]
[2020.05.10-17.26.42:804][  0]LogConfig: Setting CVar [[r.SkyAtmosphere.AerialPerspectiveLUT.DepthResolution:16.0]]
[2020.05.10-17.26.42:804][  0]LogConfig: Setting CVar [[r.SkyAtmosphere.FastSkyLUT:1]]
[2020.05.10-17.26.42:804][  0]LogConfig: Setting CVar [[r.SkyAtmosphere.FastSkyLUT.SampleCountMin:4.0]]
[2020.05.10-17.26.42:804][  0]LogConfig: Setting CVar [[r.SkyAtmosphere.FastSkyLUT.SampleCountMax:32.0]]
[2020.05.10-17.26.42:804][  0]LogConfig: Setting CVar [[r.SkyAtmosphere.SampleCountMin:4.0]]
[2020.05.10-17.26.42:804][  0]LogConfig: Setting CVar [[r.SkyAtmosphere.SampleCountMax:32.0]]
[2020.05.10-17.26.42:804][  0]LogConfig: Setting CVar [[r.SkyAtmosphere.TransmittanceLUT.UseSmallFormat:0]]
[2020.05.10-17.26.42:804][  0]LogConfig: Setting CVar [[r.SkyAtmosphere.TransmittanceLUT.SampleCount:10.0]]
[2020.05.10-17.26.42:804][  0]LogConfig: Setting CVar [[r.SkyAtmosphere.MultiScatteringLUT.SampleCount:15.0]]
[2020.05.10-17.26.42:804][  0]LogConfig: Applying CVar settings from Section [FoliageQuality@3] File [C:/Users/User/Documents/Unreal Projects/RPG/Saved/Config/Windows/Scalability.ini]
[2020.05.10-17.26.42:804][  0]LogConfig: Setting CVar [[foliage.DensityScale:1.0]]
[2020.05.10-17.26.42:804][  0]LogConfig: Setting CVar [[grass.DensityScale:1.0]]
[2020.05.10-17.26.42:805][  0]LogConfig: Applying CVar settings from Section [ShadingQuality@3] File [C:/Users/User/Documents/Unreal Projects/RPG/Saved/Config/Windows/Scalability.ini]
[2020.05.10-17.26.42:805][  0]LogConfig: Setting CVar [[r.HairStrands.SkyLighting.SampleCount:16]]
[2020.05.10-17.26.42:805][  0]LogConfig: Setting CVar [[r.HairStrands.SkyLighting.JitterIntegration:0]]
[2020.05.10-17.26.42:805][  0]LogConfig: Setting CVar [[r.HairStrands.SkyAO.SampleCount:16]]
[2020.05.10-17.26.42:805][  0]LogInit: Selected Device Profile: [Windows]
[2020.05.10-17.26.42:805][  0]LogInit: Applying CVar settings loaded from the selected device profile: [Windows]
[2020.05.10-17.26.42:811][  0]LogHAL: Display: Platform has ~ 8 GB [8588021760 / 8589934592 / 8], which maps to Default [LargestMinGB=32, LargerMinGB=12, DefaultMinGB=8, SmallerMinGB=6, SmallestMinGB=0)
[2020.05.10-17.26.42:811][  0]LogInit: Going up to parent DeviceProfile []
[2020.05.10-17.26.42:811][  0]LogConfig: Applying CVar settings from Section [ViewDistanceQuality@3] File [C:/Users/User/Documents/Unreal Projects/RPG/Saved/Config/Windows/Scalability.ini]
[2020.05.10-17.26.42:811][  0]LogConfig: Setting CVar [[r.SkeletalMeshLODBias:0]]
[2020.05.10-17.26.42:811][  0]LogConfig: Setting CVar [[r.ViewDistanceScale:1.0]]
[2020.05.10-17.26.42:811][  0]LogConfig: Applying CVar settings from Section [AntiAliasingQuality@3] File [C:/Users/User/Documents/Unreal Projects/RPG/Saved/Config/Windows/Scalability.ini]
[2020.05.10-17.26.42:811][  0]LogConfig: Setting CVar [[r.PostProcessAAQuality:4]]
[2020.05.10-17.26.42:811][  0]LogConfig: Applying CVar settings from Section [ShadowQuality@3] File [C:/Users/User/Documents/Unreal Projects/RPG/Saved/Config/Windows/Scalability.ini]
[2020.05.10-17.26.42:811][  0]LogConfig: Setting CVar [[r.LightFunctionQuality:1]]
[2020.05.10-17.26.42:811][  0]LogConfig: Setting CVar [[r.ShadowQuality:5]]
[2020.05.10-17.26.42:811][  0]LogConfig: Setting CVar [[r.Shadow.CSM.MaxCascades:10]]
[2020.05.10-17.26.42:811][  0]LogConfig: Setting CVar [[r.Shadow.MaxResolution:2048]]
[2020.05.10-17.26.42:811][  0]LogConfig: Setting CVar [[r.Shadow.MaxCSMResolution:2048]]
[2020.05.10-17.26.42:811][  0]LogConfig: Setting CVar [[r.Shadow.RadiusThreshold:0.01]]
[2020.05.10-17.26.42:811][  0]LogConfig: Setting CVar [[r.Shadow.DistanceScale:1.0]]
[2020.05.10-17.26.42:811][  0]LogConfig: Setting CVar [[r.Shadow.CSM.TransitionScale:1.0]]
[2020.05.10-17.26.42:811][  0]LogConfig: Setting CVar [[r.Shadow.PreShadowResolutionFactor:1.0]]
[2020.05.10-17.26.42:811][  0]LogConfig: Setting CVar [[r.DistanceFieldShadowing:1]]
[2020.05.10-17.26.42:811][  0]LogConfig: Setting CVar [[r.DistanceFieldAO:1]]
[2020.05.10-17.26.42:811][  0]LogConfig: Setting CVar [[r.AOQuality:2]]
[2020.05.10-17.26.42:811][  0]LogConfig: Setting CVar [[r.VolumetricFog:1]]
[2020.05.10-17.26.42:811][  0]LogConfig: Setting CVar [[r.VolumetricFog.GridPixelSize:8]]
[2020.05.10-17.26.42:811][  0]LogConfig: Setting CVar [[r.VolumetricFog.GridSizeZ:128]]
[2020.05.10-17.26.42:811][  0]LogConfig: Setting CVar [[r.VolumetricFog.HistoryMissSupersampleCount:4]]
[2020.05.10-17.26.42:811][  0]LogConfig: Setting CVar [[r.LightMaxDrawDistanceScale:1]]
[2020.05.10-17.26.42:811][  0]LogConfig: Setting CVar [[r.CapsuleShadows:1]]
[2020.05.10-17.26.42:811][  0]LogConfig: Applying CVar settings from Section [PostProcessQuality@3] File [C:/Users/User/Documents/Unreal Projects/RPG/Saved/Config/Windows/Scalability.ini]
[2020.05.10-17.26.42:811][  0]LogConfig: Setting CVar [[r.MotionBlurQuality:4]]
[2020.05.10-17.26.42:811][  0]LogConfig: Setting CVar [[r.AmbientOcclusionMipLevelFactor:0.4]]
[2020.05.10-17.26.42:811][  0]LogConfig: Setting CVar [[r.AmbientOcclusionMaxQuality:100]]
[2020.05.10-17.26.42:811][  0]LogConfig: Setting CVar [[r.AmbientOcclusionLevels:-1]]
[2020.05.10-17.26.42:811][  0]LogConfig: Setting CVar [[r.AmbientOcclusionRadiusScale:1.0]]
[2020.05.10-17.26.42:811][  0]LogConfig: Setting CVar [[r.DepthOfFieldQuality:2]]
[2020.05.10-17.26.42:811][  0]LogConfig: Setting CVar [[r.RenderTargetPoolMin:400]]
[2020.05.10-17.26.42:811][  0]LogConfig: Setting CVar [[r.LensFlareQuality:2]]
[2020.05.10-17.26.42:811][  0]LogConfig: Setting CVar [[r.SceneColorFringeQuality:1]]
[2020.05.10-17.26.42:811][  0]LogConfig: Setting CVar [[r.EyeAdaptationQuality:2]]
[2020.05.10-17.26.42:811][  0]LogConfig: Setting CVar [[r.BloomQuality:5]]
[2020.05.10-17.26.42:812][  0]LogConfig: Setting CVar [[r.FastBlurThreshold:100]]
[2020.05.10-17.26.42:812][  0]LogConfig: Setting CVar [[r.Upscale.Quality:3]]
[2020.05.10-17.26.42:812][  0]LogConfig: Setting CVar [[r.Tonemapper.GrainQuantization:1]]
[2020.05.10-17.26.42:812][  0]LogConfig: Setting CVar [[r.LightShaftQuality:1]]
[2020.05.10-17.26.42:812][  0]LogConfig: Setting CVar [[r.Filter.SizeScale:1]]
[2020.05.10-17.26.42:812][  0]LogConfig: Setting CVar [[r.Tonemapper.Quality:5]]
[2020.05.10-17.26.42:812][  0]LogConfig: Setting CVar [[r.DOF.Gather.AccumulatorQuality:1        ; higher gathering accumulator quality]]
[2020.05.10-17.26.42:812][  0]LogConfig: Setting CVar [[r.DOF.Gather.PostfilterMethod:1          ; Median3x3 postfilering method]]
[2020.05.10-17.26.42:812][  0]LogConfig: Setting CVar [[r.DOF.Gather.EnableBokehSettings:0       ; no bokeh simulation when gathering]]
[2020.05.10-17.26.42:812][  0]LogConfig: Setting CVar [[r.DOF.Gather.RingCount:4                 ; medium number of samples when gathering]]
[2020.05.10-17.26.42:812][  0]LogConfig: Setting CVar [[r.DOF.Scatter.ForegroundCompositing:1    ; additive foreground scattering]]
[2020.05.10-17.26.42:812][  0]LogConfig: Setting CVar [[r.DOF.Scatter.BackgroundCompositing:2    ; additive background scattering]]
[2020.05.10-17.26.42:812][  0]LogConfig: Setting CVar [[r.DOF.Scatter.EnableBokehSettings:1      ; bokeh simulation when scattering]]
[2020.05.10-17.26.42:812][  0]LogConfig: Setting CVar [[r.DOF.Scatter.MaxSpriteRatio:0.1         ; only a maximum of 10% of scattered bokeh]]
[2020.05.10-17.26.42:812][  0]LogConfig: Setting CVar [[r.DOF.Recombine.Quality:1                ; cheap slight out of focus]]
[2020.05.10-17.26.42:812][  0]LogConfig: Setting CVar [[r.DOF.Recombine.EnableBokehSettings:0    ; no bokeh simulation on slight out of focus]]
[2020.05.10-17.26.42:812][  0]LogConfig: Setting CVar [[r.DOF.TemporalAAQuality:1                ; more stable temporal accumulation]]
[2020.05.10-17.26.42:812][  0]LogConfig: Setting CVar [[r.DOF.Kernel.MaxForegroundRadius:0.025]]
[2020.05.10-17.26.42:812][  0]LogConfig: Setting CVar [[r.DOF.Kernel.MaxBackgroundRadius:0.025]]
[2020.05.10-17.26.42:812][  0]LogConfig: Applying CVar settings from Section [TextureQuality@3] File [C:/Users/User/Documents/Unreal Projects/RPG/Saved/Config/Windows/Scalability.ini]
[2020.05.10-17.26.42:812][  0]LogConfig: Setting CVar [[r.Streaming.MipBias:0]]
[2020.05.10-17.26.42:812][  0]LogConfig: Setting CVar [[r.Streaming.AmortizeCPUToGPUCopy:0]]
[2020.05.10-17.26.42:812][  0]LogConfig: Setting CVar [[r.Streaming.MaxNumTexturesToStreamPerFrame:0]]
[2020.05.10-17.26.42:812][  0]LogConfig: Setting CVar [[r.Streaming.Boost:1]]
[2020.05.10-17.26.42:812][  0]LogConfig: Setting CVar [[r.MaxAnisotropy:8]]
[2020.05.10-17.26.42:812][  0]LogConfig: Setting CVar [[r.VT.MaxAnisotropy:8]]
[2020.05.10-17.26.42:812][  0]LogConfig: Setting CVar [[r.Streaming.LimitPoolSizeToVRAM:0]]
[2020.05.10-17.26.42:812][  0]LogConfig: Setting CVar [[r.Streaming.PoolSize:1000]]
[2020.05.10-17.26.42:812][  0]LogConfig: Setting CVar [[r.Streaming.MaxEffectiveScreenSize:0]]
[2020.05.10-17.26.42:812][  0]LogConfig: Applying CVar settings from Section [EffectsQuality@3] File [C:/Users/User/Documents/Unreal Projects/RPG/Saved/Config/Windows/Scalability.ini]
[2020.05.10-17.26.42:812][  0]LogConfig: Setting CVar [[r.TranslucencyLightingVolumeDim:64]]
[2020.05.10-17.26.42:813][  0]LogConfig: Setting CVar [[r.RefractionQuality:2]]
[2020.05.10-17.26.42:813][  0]LogConfig: Setting CVar [[r.SSR.Quality:3]]
[2020.05.10-17.26.42:813][  0]LogConfig: Setting CVar [[r.SSR.HalfResSceneColor:0]]
[2020.05.10-17.26.42:813][  0]LogConfig: Setting CVar [[r.SceneColorFormat:4]]
[2020.05.10-17.26.42:813][  0]LogConfig: Setting CVar [[r.DetailMode:2]]
[2020.05.10-17.26.42:813][  0]LogConfig: Setting CVar [[r.TranslucencyVolumeBlur:1]]
[2020.05.10-17.26.42:813][  0]LogConfig: Setting CVar [[r.MaterialQualityLevel:1 ; High quality]]
[2020.05.10-17.26.42:813][  0]LogConfig: Setting CVar [[r.SSS.Scale:1]]
[2020.05.10-17.26.42:813][  0]LogConfig: Setting CVar [[r.SSS.SampleSet:2]]
[2020.05.10-17.26.42:813][  0]LogConfig: Setting CVar [[r.SSS.Quality:1]]
[2020.05.10-17.26.42:813][  0]LogConfig: Setting CVar [[r.SSS.HalfRes:1]]
[2020.05.10-17.26.42:813][  0]LogConfig: Setting CVar [[r.SSGI.Quality:3]]
[2020.05.10-17.26.42:813][  0]LogConfig: Setting CVar [[r.EmitterSpawnRateScale:1.0]]
[2020.05.10-17.26.42:813][  0]LogConfig: Setting CVar [[r.ParticleLightQuality:2]]
[2020.05.10-17.26.42:813][  0]LogConfig: Setting CVar [[r.SkyAtmosphere.AerialPerspectiveLUT.FastApplyOnOpaque:1 ; Always have FastSkyLUT 1 in this case to avoid wrong sky]]
[2020.05.10-17.26.42:813][  0]LogConfig: Setting CVar [[r.SkyAtmosphere.AerialPerspectiveLUT.SampleCountPerSlice:1]]
[2020.05.10-17.26.42:813][  0]LogConfig: Setting CVar [[r.SkyAtmosphere.AerialPerspectiveLUT.DepthResolution:16.0]]
[2020.05.10-17.26.42:813][  0]LogConfig: Setting CVar [[r.SkyAtmosphere.FastSkyLUT:1]]
[2020.05.10-17.26.42:813][  0]LogConfig: Setting CVar [[r.SkyAtmosphere.FastSkyLUT.SampleCountMin:4.0]]
[2020.05.10-17.26.42:813][  0]LogConfig: Setting CVar [[r.SkyAtmosphere.FastSkyLUT.SampleCountMax:32.0]]
[2020.05.10-17.26.42:813][  0]LogConfig: Setting CVar [[r.SkyAtmosphere.SampleCountMin:4.0]]
[2020.05.10-17.26.42:813][  0]LogConfig: Setting CVar [[r.SkyAtmosphere.SampleCountMax:32.0]]
[2020.05.10-17.26.42:813][  0]LogConfig: Setting CVar [[r.SkyAtmosphere.TransmittanceLUT.UseSmallFormat:0]]
[2020.05.10-17.26.42:813][  0]LogConfig: Setting CVar [[r.SkyAtmosphere.TransmittanceLUT.SampleCount:10.0]]
[2020.05.10-17.26.42:813][  0]LogConfig: Setting CVar [[r.SkyAtmosphere.MultiScatteringLUT.SampleCount:15.0]]
[2020.05.10-17.26.42:813][  0]LogConfig: Applying CVar settings from Section [FoliageQuality@3] File [C:/Users/User/Documents/Unreal Projects/RPG/Saved/Config/Windows/Scalability.ini]
[2020.05.10-17.26.42:813][  0]LogConfig: Setting CVar [[foliage.DensityScale:1.0]]
[2020.05.10-17.26.42:813][  0]LogConfig: Setting CVar [[grass.DensityScale:1.0]]
[2020.05.10-17.26.42:813][  0]LogConfig: Applying CVar settings from Section [ShadingQuality@3] File [C:/Users/User/Documents/Unreal Projects/RPG/Saved/Config/Windows/Scalability.ini]
[2020.05.10-17.26.42:813][  0]LogConfig: Setting CVar [[r.HairStrands.SkyLighting.SampleCount:16]]
[2020.05.10-17.26.42:813][  0]LogConfig: Setting CVar [[r.HairStrands.SkyLighting.JitterIntegration:0]]
[2020.05.10-17.26.42:813][  0]LogConfig: Setting CVar [[r.HairStrands.SkyAO.SampleCount:16]]
[2020.05.10-17.26.42:813][  0]LogConfig: Applying CVar settings from Section [Startup] File [../../../Engine/Config/ConsoleVariables.ini]
[2020.05.10-17.26.42:814][  0]LogConfig: Setting CVar [[net.UseAdaptiveNetUpdateFrequency:0]]
[2020.05.10-17.26.42:814][  0]LogConfig: Setting CVar [[p.chaos.AllowCreatePhysxBodies:1]]
[2020.05.10-17.26.42:814][  0]LogConfig: Applying CVar settings from Section [ConsoleVariables] File [C:/Users/User/Documents/Unreal Projects/RPG/Saved/Config/Windows/Engine.ini]
[2020.05.10-17.26.42:814][  0]LogInit: Computer: DESKTOP-789FAOG
[2020.05.10-17.26.42:814][  0]LogInit: User: User
[2020.05.10-17.26.42:814][  0]LogInit: CPU Page size=4096, Cores=6
[2020.05.10-17.26.42:814][  0]LogInit: High frequency timer resolution =10.000000 MHz
[2020.05.10-17.26.42:814][  0]LogMemory: Memory total: Physical=8.0GB (8GB approx)
[2020.05.10-17.26.42:814][  0]LogMemory: Platform Memory Stats for Windows
[2020.05.10-17.26.42:815][  0]LogMemory: Process Physical Memory: 105.29 MB used, 105.29 MB peak
[2020.05.10-17.26.42:815][  0]LogMemory: Process Virtual Memory: 100.43 MB used, 100.43 MB peak
[2020.05.10-17.26.42:815][  0]LogMemory: Physical Memory: 6480.44 MB used,  1709.74 MB free, 8190.18 MB total
[2020.05.10-17.26.42:815][  0]LogMemory: Virtual Memory: 5131.57 MB used,  134212600.00 MB free, 134217728.00 MB total
[2020.05.10-17.26.42:818][  0]LogWindows: WindowsPlatformFeatures enabled
[2020.05.10-17.26.42:852][  0]LogInit: Using OS detected language (en-US).
[2020.05.10-17.26.42:853][  0]LogInit: Using OS detected locale (en-US).
[2020.05.10-17.26.42:854][  0]LogTextLocalizationManager: No specific localization for 'en-US' exists, so the 'en' localization will be used.
[2020.05.10-17.26.43:204][  0]LogInit: Setting process to per monitor DPI aware
[2020.05.10-17.26.43:259][  0]LogSlate: New Slate User Created.  User Index 0, Is Virtual User: 0
[2020.05.10-17.26.43:259][  0]LogSlate: Slate User Registered.  User Index 0, Is Virtual User: 0
[2020.05.10-17.26.43:536][  0]LogHMD: Failed to initialize OpenVR with code 110
[2020.05.10-17.26.43:536][  0]LogD3D11RHI: D3D11 min allowed feature level: 11_0
[2020.05.10-17.26.43:536][  0]LogD3D11RHI: D3D11 max allowed feature level: 11_0
[2020.05.10-17.26.43:536][  0]LogD3D11RHI: D3D11 adapters:
[2020.05.10-17.26.43:646][  0]LogD3D11RHI:    0. 'NVIDIA GeForce GTX 950' (Feature Level 11_0)
[2020.05.10-17.26.43:646][  0]LogD3D11RHI:       2007/0/4095 MB DedicatedVideo/DedicatedSystem/SharedSystem, Outputs:2, VendorId:0x10de
[2020.05.10-17.26.43:650][  0]LogD3D11RHI:    1. 'Microsoft Basic Render Driver' (Feature Level 11_0)
[2020.05.10-17.26.43:650][  0]LogD3D11RHI:       0/0/4095 MB DedicatedVideo/DedicatedSystem/SharedSystem, Outputs:0, VendorId:0x1414
[2020.05.10-17.26.43:650][  0]LogD3D11RHI: Chosen D3D11 Adapter: 0
[2020.05.10-17.26.43:667][  0]LogD3D11RHI: Creating new Direct3DDevice
[2020.05.10-17.26.43:667][  0]LogD3D11RHI:     GPU DeviceId: 0x1402 (for the marketing name, search the web for "GPU Device Id")
[2020.05.10-17.26.43:667][  0]LogWindows: EnumDisplayDevices:
[2020.05.10-17.26.43:667][  0]LogWindows:    0. 'NVIDIA GeForce GTX 950' (P:1 D:1)
[2020.05.10-17.26.43:668][  0]LogWindows:    1. 'NVIDIA GeForce GTX 950' (P:0 D:1)
[2020.05.10-17.26.43:668][  0]LogWindows:    2. 'NVIDIA GeForce GTX 950' (P:0 D:0)
[2020.05.10-17.26.43:669][  0]LogWindows:    3. 'NVIDIA GeForce GTX 950' (P:0 D:0)
[2020.05.10-17.26.43:669][  0]LogWindows: DebugString: FoundDriverCount:4 
[2020.05.10-17.26.43:669][  0]LogD3D11RHI:     Adapter Name: NVIDIA GeForce GTX 950
[2020.05.10-17.26.43:669][  0]LogD3D11RHI:   Driver Version: 442.59 (internal:26.21.14.4259, unified:442.59)
[2020.05.10-17.26.43:669][  0]LogD3D11RHI:      Driver Date: 3-4-2020
[2020.05.10-17.26.43:669][  0]LogRHI: Texture pool is 1405 MB (70% of 2007 MB)
[2020.05.10-17.26.43:751][  0]LogD3D11RHI: RHI has support for 64 bit atomics
[2020.05.10-17.26.43:752][  0]LogD3D11RHI: Async texture creation enabled
[2020.05.10-17.26.43:775][  0]LogD3D11RHI: GPU Timing Frequency: 1000.000000 (Debug: 2 1)
[2020.05.10-17.26.44:464][  0]LogTargetPlatformManager: Display: Loaded TargetPlatform 'AllDesktop'
[2020.05.10-17.26.44:528][  0]LogTargetPlatformManager: Display: Loaded TargetPlatform 'Android'
[2020.05.10-17.26.44:528][  0]LogTargetPlatformManager: Display: Loaded TargetPlatform 'Android_ASTC'
[2020.05.10-17.26.44:528][  0]LogTargetPlatformManager: Display: Loaded TargetPlatform 'Android_ATC'
[2020.05.10-17.26.44:528][  0]LogTargetPlatformManager: Display: Loaded TargetPlatform 'Android_DXT'
[2020.05.10-17.26.44:528][  0]LogTargetPlatformManager: Display: Loaded TargetPlatform 'Android_ETC1'
[2020.05.10-17.26.44:528][  0]LogTargetPlatformManager: Display: Loaded TargetPlatform 'Android_ETC1a'
[2020.05.10-17.26.44:528][  0]LogTargetPlatformManager: Display: Loaded TargetPlatform 'Android_ETC2'
[2020.05.10-17.26.44:528][  0]LogTargetPlatformManager: Display: Loaded TargetPlatform 'Android_PVRTC'
[2020.05.10-17.26.44:528][  0]LogTargetPlatformManager: Display: Loaded TargetPlatform 'AndroidClient'
[2020.05.10-17.26.44:528][  0]LogTargetPlatformManager: Display: Loaded TargetPlatform 'Android_ASTCClient'
[2020.05.10-17.26.44:528][  0]LogTargetPlatformManager: Display: Loaded TargetPlatform 'Android_ATCClient'
[2020.05.10-17.26.44:528][  0]LogTargetPlatformManager: Display: Loaded TargetPlatform 'Android_DXTClient'
[2020.05.10-17.26.44:528][  0]LogTargetPlatformManager: Display: Loaded TargetPlatform 'Android_ETC1Client'
[2020.05.10-17.26.44:528][  0]LogTargetPlatformManager: Display: Loaded TargetPlatform 'Android_ETC1aClient'
[2020.05.10-17.26.44:529][  0]LogTargetPlatformManager: Display: Loaded TargetPlatform 'Android_ETC2Client'
[2020.05.10-17.26.44:529][  0]LogTargetPlatformManager: Display: Loaded TargetPlatform 'Android_PVRTCClient'
[2020.05.10-17.26.44:529][  0]LogTargetPlatformManager: Display: Loaded TargetPlatform 'Android_Multi'
[2020.05.10-17.26.44:529][  0]LogTargetPlatformManager: Display: Loaded TargetPlatform 'Android_MultiClient'
[2020.05.10-17.26.44:569][  0]LogTargetPlatformManager: Display: Loaded TargetPlatform 'IOSClient'
[2020.05.10-17.26.44:569][  0]LogTargetPlatformManager: Display: Loaded TargetPlatform 'IOS'
[2020.05.10-17.26.44:585][  0]LogTargetPlatformManager: Display: Loaded TargetPlatform 'LinuxNoEditor'
[2020.05.10-17.26.44:598][  0]LogTargetPlatformManager: Display: Loaded TargetPlatform 'LinuxClient'
[2020.05.10-17.26.44:615][  0]LogTargetPlatformManager: Display: Loaded TargetPlatform 'LinuxServer'
[2020.05.10-17.26.44:629][  0]LogTargetPlatformManager: Display: Loaded TargetPlatform 'LinuxAArch64NoEditor'
[2020.05.10-17.26.44:644][  0]LogTargetPlatformManager: Display: Loaded TargetPlatform 'LinuxAArch64Client'
[2020.05.10-17.26.44:658][  0]LogTargetPlatformManager: Display: Loaded TargetPlatform 'LinuxAArch64Server'
[2020.05.10-17.26.44:713][  0]LogTargetPlatformManager: Display: Loaded TargetPlatform 'Lumin'
[2020.05.10-17.26.44:713][  0]LogTargetPlatformManager: Display: Loaded TargetPlatform 'LuminClient'
[2020.05.10-17.26.44:742][  0]LogTargetPlatformManager: Display: Loaded TargetPlatform 'TVOSClient'
[2020.05.10-17.26.44:742][  0]LogTargetPlatformManager: Display: Loaded TargetPlatform 'TVOS'
[2020.05.10-17.26.44:757][  0]LogTargetPlatformManager: Display: Loaded TargetPlatform 'WindowsNoEditor'
[2020.05.10-17.26.44:774][  0]LogTargetPlatformManager: Display: Loaded TargetPlatform 'Windows'
[2020.05.10-17.26.44:790][  0]LogTargetPlatformManager: Display: Loaded TargetPlatform 'WindowsClient'
[2020.05.10-17.26.44:805][  0]LogTargetPlatformManager: Display: Loaded TargetPlatform 'WindowsServer'
[2020.05.10-17.26.44:805][  0]LogTargetPlatformManager: Display: Building Assets For Windows
[2020.05.10-17.26.44:809][  0]LogAudioDebug: Display: Lib vorbis DLL was dynamically loaded.
[2020.05.10-17.26.44:850][  0]LogShaderCompilers: Guid format shader working directory is -13 characters bigger than the processId version (../../../../../../Users/User/Documents/Unreal Projects/RPG/Intermediate/Shaders/WorkingDirectory/6936/).
[2020.05.10-17.26.44:850][  0]LogShaderCompilers: Cleaned the shader compiler working directory 'C:/Users/User/AppData/Local/Temp/UnrealShaderWorkingDir/075AF35747B6A915A7A1F987FE8D349E/'.
[2020.05.10-17.26.44:851][  0]LogXGEController: Cannot use XGE Controller as Incredibuild is not installed on this machine.
[2020.05.10-17.26.44:851][  0]LogShaderCompilers: Cannot use XGE Shader Compiler as Incredibuild is not installed on this machine.
[2020.05.10-17.26.44:851][  0]LogShaderCompilers: Display: Using Local Shader Compiler.
[2020.05.10-17.26.47:246][  0]LogDerivedDataCache: Display: Max Cache Size: 512 MB
[2020.05.10-17.26.47:364][  0]LogDerivedDataCache: Loaded boot cache 0.12s 78MB C:/Users/User/AppData/Local/UnrealEngine/4.24/DerivedDataCache/Boot.ddc.
[2020.05.10-17.26.47:364][  0]LogDerivedDataCache: Display: Loaded Boot cache: C:/Users/User/AppData/Local/UnrealEngine/4.24/DerivedDataCache/Boot.ddc
[2020.05.10-17.26.47:365][  0]LogDerivedDataCache: FDerivedDataBackendGraph:  Pak pak cache file ../../../../../../Users/User/Documents/Unreal Projects/RPG/DerivedDataCache/DDC.ddp not found, will not use a pak cache.
[2020.05.10-17.26.47:365][  0]LogDerivedDataCache: Unable to find inner node Pak for hierarchical cache Hierarchy.
[2020.05.10-17.26.47:365][  0]LogDerivedDataCache: FDerivedDataBackendGraph:  CompressedPak pak cache file ../../../../../../Users/User/Documents/Unreal Projects/RPG/DerivedDataCache/Compressed.ddp not found, will not use a pak cache.
[2020.05.10-17.26.47:365][  0]LogDerivedDataCache: Unable to find inner node CompressedPak for hierarchical cache Hierarchy.
[2020.05.10-17.26.47:382][  0]LogDerivedDataCache: Display: Pak cache opened for reading ../../../Engine/DerivedDataCache/Compressed.ddp.
[2020.05.10-17.26.47:382][  0]LogDerivedDataCache: FDerivedDataBackendGraph:  EnterprisePak pak cache file ../../../Enterprise/DerivedDataCache/Compressed.ddp not found, will not use a pak cache.
[2020.05.10-17.26.47:382][  0]LogDerivedDataCache: Unable to find inner node EnterprisePak for hierarchical cache Hierarchy.
[2020.05.10-17.26.47:384][  0]LogDerivedDataCache: Using Local data cache path C:/Users/User/AppData/Local/UnrealEngine/Common/DerivedDataCache: Writable
[2020.05.10-17.26.47:384][  0]LogDerivedDataCache: Shared data cache path not found in *engine.ini, will not use an Shared cache.
[2020.05.10-17.26.47:384][  0]LogDerivedDataCache: Unable to find inner node Shared for hierarchical cache Hierarchy.
[2020.05.10-17.26.47:435][  0]LogMaterial: Verifying Global Shaders for PCD3D_SM5
[2020.05.10-17.26.47:439][  0]LogSlate: Using FreeType 2.10.0
[2020.05.10-17.26.47:440][  0]LogSlate: SlateFontServices - WITH_FREETYPE: 1, WITH_HARFBUZZ: 1
[2020.05.10-17.26.47:534][  0]LogAssetRegistry: FAssetRegistry took 0.0040 seconds to start up
[2020.05.10-17.26.48:159][  0]LogInit: Selected Device Profile: [Windows]
[2020.05.10-17.26.48:467][  0]LogMeshReduction: Using QuadricMeshReduction for automatic static mesh reduction
[2020.05.10-17.26.48:467][  0]LogMeshReduction: Using SimplygonMeshReduction for automatic skeletal mesh reduction
[2020.05.10-17.26.48:467][  0]LogMeshReduction: Using ProxyLODMeshReduction for automatic mesh merging
[2020.05.10-17.26.48:467][  0]LogMeshReduction: No distributed automatic mesh merging module available
[2020.05.10-17.26.48:467][  0]LogMeshMerging: No distributed automatic mesh merging module available
[2020.05.10-17.26.48:491][  0]LogNetVersion: RPG 1.0.0, NetCL: 10570792, EngineNetVer: 13, GameNetVer: 0 (Checksum: 3823170462)
[2020.05.10-17.26.50:447][  0]LogPackageLocalizationCache: Processed 10 localized package path(s) for 1 prioritized culture(s) in 0.104875 seconds
[2020.05.10-17.26.50:466][  0]LogUObjectArray: 46750 objects as part of root set at end of initial load.
[2020.05.10-17.26.50:466][  0]LogUObjectAllocator: 8137160 out of 0 bytes used by permanent object pool.
[2020.05.10-17.26.50:466][  0]LogUObjectArray: CloseDisregardForGC: 0/0 objects in disregard for GC pool
[2020.05.10-17.26.51:326][  0]LogTcpMessaging: Initializing TcpMessaging bridge
[2020.05.10-17.26.51:333][  0]LogUdpMessaging: Initializing bridge on interface 0.0.0.0:0 to multicast group 230.0.0.1:6666.
[2020.05.10-17.26.51:478][  0]SourceControl: Source control is disabled
[2020.05.10-17.26.52:516][  0]LogAndroidPermission: UAndroidPermissionCallbackProxy::GetInstance
[2020.05.10-17.26.52:544][  0]LogAudioCaptureCore: Display: No Audio Capture implementations found. Audio input will be silent.
[2020.05.10-17.26.52:544][  0]LogAudioCaptureCore: Display: No Audio Capture implementations found. Audio input will be silent.
[2020.05.10-17.26.52:731][  0]LogOcInput: OculusInput pre-init called
[2020.05.10-17.26.52:748][  0]LogWindows: Failed to load 'OVRPlugin.dll' (GetLastError=126)
[2020.05.10-17.26.52:748][  0]LogWindows: File 'OVRPlugin.dll' does not exist
[2020.05.10-17.26.52:885][  0]LogEngine: Initializing Engine...
[2020.05.10-17.26.52:888][  0]LogHMD: Failed to initialize OpenVR with code 110
[2020.05.10-17.26.52:889][  0]LogStats: UGameplayTagsManager::InitializeManager -  0.000 s
[2020.05.10-17.26.53:551][  0]LogInit: Initializing FReadOnlyCVARCache
[2020.05.10-17.26.53:564][  0]LogAIModule: Creating AISystem for world Untitled
[2020.05.10-17.26.53:609][  0]LogAudioMixer: Display: Audio Mixer Platform Settings:
[2020.05.10-17.26.53:609][  0]LogAudioMixer: Display: 	Sample Rate:						  48000
[2020.05.10-17.26.53:609][  0]LogAudioMixer: Display: 	Callback Buffer Frame Size Requested: 1024
[2020.05.10-17.26.53:609][  0]LogAudioMixer: Display: 	Callback Buffer Frame Size To Use:	  1024
[2020.05.10-17.26.53:609][  0]LogAudioMixer: Display: 	Number of buffers to queue:			  2
[2020.05.10-17.26.53:609][  0]LogAudioMixer: Display: 	Max Channels (voices):				  32
[2020.05.10-17.26.53:609][  0]LogAudioMixer: Display: 	Number of Async Source Workers:		  0
[2020.05.10-17.26.53:609][  0]LogAudio: Display: AudioDevice MaxSources: 32
[2020.05.10-17.26.53:610][  0]LogAudio: Display: Using built-in audio occlusion.
[2020.05.10-17.26.53:610][  0]LogAudioMixer: Display: Initializing audio mixer.
[2020.05.10-17.26.53:655][  0]LogAudioMixer: Display: Audio Device Output Speaker Info:
[2020.05.10-17.26.53:655][  0]LogAudioMixer: Display: Name: Headset Earphone (Razer Kraken 7.1 Chroma)
[2020.05.10-17.26.53:655][  0]LogAudioMixer: Display: Is Default: Yes
[2020.05.10-17.26.53:655][  0]LogAudioMixer: Display: Sample Rate: 48000
[2020.05.10-17.26.53:655][  0]LogAudioMixer: Display: Channel Count Used: 2
[2020.05.10-17.26.53:655][  0]LogAudioMixer: Display: Device Channel Count: 2
[2020.05.10-17.26.53:655][  0]LogAudioMixer: Display: Channel Order:
[2020.05.10-17.26.53:655][  0]LogAudioMixer: Display: 0: FrontLeft
[2020.05.10-17.26.53:655][  0]LogAudioMixer: Display: 1: FrontRight
[2020.05.10-17.26.53:684][  0]LogAudioMixer: Display: Using Audio Device Headset Earphone (Razer Kraken 7.1 Chroma)
[2020.05.10-17.26.53:700][  0]LogInit: FAudioDevice initialized.
[2020.05.10-17.26.53:700][  0]LogNetVersion: Set ProjectVersion to 1.0.0.0. Version Checksum will be recalculated on next use.
[2020.05.10-17.26.53:838][  0]LogDerivedDataCache: Saved boot cache 0.14s 78MB C:/Users/User/AppData/Local/UnrealEngine/4.24/DerivedDataCache/Boot.ddc.
[2020.05.10-17.26.53:847][  0]LogInit: Texture streaming: Enabled
[2020.05.10-17.26.53:868][  0]LogEngineSessionManager: EngineSessionManager initialized
[2020.05.10-17.26.53:869][  0]LogEditorSessionSummary: Verbose: Initializing EditorSessionSummaryWriter for editor session tracking
[2020.05.10-17.26.53:872][  0]LogEditorSessionSummary: EditorSessionSummaryWriter initialized
[2020.05.10-17.26.53:991][  0]LogInit: Transaction tracking system initialized
[2020.05.10-17.26.54:008][  0]BlueprintLog: New page: Editor Load
[2020.05.10-17.26.54:072][  0]LocalizationService: Localization service is disabled
[2020.05.10-17.26.54:149][  0]LogLinker: Warning: Failed to load '/Game/FirstPersonBP/FirstPersonOverview': Can't find file.
[2020.05.10-17.26.54:149][  0]LogLinker: Warning: Failed to load '/Game/FirstPersonBP/FirstPersonOverview': Can't find file.
[2020.05.10-17.26.54:149][  0]LogUObjectGlobals: Warning: Failed to find object 'Class /Game/FirstPersonBP/FirstPersonOverview.FirstPersonOverview_C'
[2020.05.10-17.26.54:619][  0]LogCook: Display: Max memory allowance for cook 16384mb min free memory 0mb
[2020.05.10-17.26.54:620][  0]LogCook: Display: Mobile HDR setting 1
[2020.05.10-17.26.54:793][  0]LogFileCache: Scanning file cache for directory 'C:/Users/User/Documents/Unreal Projects/RPG/Content/' took 0.15s
[2020.05.10-17.26.55:817][  0]Cmd: MAP LOAD FILE="../../../../../../Users/User/Documents/Unreal Projects/RPG/Content/ThirdPersonBP/Maps/ThirdPersonExampleMap.umap" TEMPLATE=0 SHOWPROGRESS=1 FEATURELEVEL=3
[2020.05.10-17.26.55:818][  0]LightingResults: New page: Lighting Build
[2020.05.10-17.26.55:819][  0]LogWorld: UWorld::CleanupWorld for Untitled, bSessionEnded=true, bCleanupResources=true
[2020.05.10-17.26.55:819][  0]LogSlate: InvalidateAllWidgets triggered.  All widgets were invalidated
[2020.05.10-17.26.55:819][  0]MapCheck: New page: Map Check
[2020.05.10-17.26.55:819][  0]LightingResults: New page: Lighting Build
[2020.05.10-17.26.55:874][  0]LogUObjectHash: Compacting FUObjectHashTables data took   4.81ms
[2020.05.10-17.26.58:185][  0]LogPackageName: Warning: Asset path "FX_Meshes.UI.SM_SelectionMesh_01" is in short form, which is unsupported and -- even if valid -- resolving it will be really slow.
[2020.05.10-17.26.58:185][  0]LogPackageName: Warning: Please consider resaving package in order to speed-up loading.
[2020.05.10-17.26.58:593][  0]LogPackageName: SearchForPackageOnDisk took   0.408s, but failed to resolve FX_Meshes.
[2020.05.10-17.26.58:593][  0]LogPackageName: Warning: Asset path "FX_Meshes.UI.SM_SelectionMesh_01" could not be resolved.
[2020.05.10-17.26.59:317][  0]LogAIModule: Creating AISystem for world ThirdPersonExampleMap
[2020.05.10-17.26.59:356][  0]LogEditorServer: Finished looking for orphan Actors (0.000 secs)
[2020.05.10-17.26.59:415][  0]LogUObjectHash: Compacting FUObjectHashTables data took   5.20ms
[2020.05.10-17.26.59:416][  0]Cmd: MAP CHECKDEP NOCLEARLOG
[2020.05.10-17.26.59:416][  0]MapCheck: Map check complete: 0 Error(s), 0 Warning(s), took 0.244ms to complete.
[2020.05.10-17.26.59:416][  0]LogFileHelpers: Loading map 'ThirdPersonExampleMap' took 3.599
[2020.05.10-17.26.59:718][  0]LogSlate: Updating window title bar state: overlay mode, drag disabled, window buttons hidden, title bar hidden
[2020.05.10-17.26.59:735][  0]LogSlate: Updating window title bar state: overlay mode, drag disabled, window buttons hidden, title bar hidden
[2020.05.10-17.26.59:753][  0]LogSlate: Updating window title bar state: overlay mode, drag disabled, window buttons hidden, title bar hidden
[2020.05.10-17.26.59:772][  0]LogSlate: Updating window title bar state: overlay mode, drag disabled, window buttons hidden, title bar hidden
[2020.05.10-17.26.59:801][  0]LogCollectionManager: Loaded 0 collections in 0.003878 seconds
[2020.05.10-17.26.59:883][  0]LogFileCache: Scanning file cache for directory 'C:/Users/User/Documents/Unreal Projects/RPG/Saved/Collections/' took 0.00s
[2020.05.10-17.26.59:883][  0]LogFileCache: Scanning file cache for directory 'C:/Users/User/Documents/Unreal Projects/RPG/Content/Developers/User/Collections/' took 0.00s
[2020.05.10-17.26.59:883][  0]LogFileCache: Scanning file cache for directory 'C:/Users/User/Documents/Unreal Projects/RPG/Content/Collections/' took 0.00s
[2020.05.10-17.26.59:883][  0]LogContentBrowser: Native class hierarchy populated in 0.0188 seconds. Added 3015 classes and 717 folders.
[2020.05.10-17.26.59:903][  0]LogContentBrowser: Native class hierarchy updated for 'WidgetCarousel' in 0.0005 seconds. Added 0 classes and 0 folders.
[2020.05.10-17.27.00:738][  0]LogContentBrowser: Native class hierarchy updated for 'AddContentDialog' in 0.0009 seconds. Added 0 classes and 0 folders.
[2020.05.10-17.27.00:761][  0]LogContentBrowser: Native class hierarchy updated for 'SceneOutliner' in 0.0004 seconds. Added 2 classes and 3 folders.
[2020.05.10-17.27.01:159][  0]LogContentBrowser: Native class hierarchy updated for 'HierarchicalLODOutliner' in 0.0007 seconds. Added 0 classes and 0 folders.
[2020.05.10-17.27.01:159][  0]LogLoad: (Engine Initialization) Total time: 20.85 seconds
[2020.05.10-17.27.01:159][  0]LogLoad: (Engine Initialization) Total Blueprint compile time: 0.00 seconds
[2020.05.10-17.27.01:238][  0]LogContentStreaming: Texture pool size now 1000 MB
[2020.05.10-17.27.01:240][  0]LogSlate: Took 0.000457 seconds to synchronously load lazily loaded font '../../../Engine/Content/Slate/Fonts/Roboto-Regular.ttf' (155K)
[2020.05.10-17.27.01:243][  0]LogSlate: Took 0.000346 seconds to synchronously load lazily loaded font '../../../Engine/Content/Slate/Fonts/Roboto-Bold.ttf' (160K)
[2020.05.10-17.27.01:265][  0]LogSlate: Took 0.011606 seconds to synchronously load lazily loaded font '../../../Engine/Content/Editor/Slate/Fonts/FontAwesome.ttf' (139K)
[2020.05.10-17.27.01:664][  0]LogRenderer: Reallocating scene render targets to support 1152x536 Format 10 NumSamples 1 (Frame:1).
[2020.05.10-17.27.01:664][  0]LogSlate: Took 0.011505 seconds to synchronously load lazily loaded font '../../../Engine/Content/Slate/Fonts/Roboto-Light.ttf' (167K)
[2020.05.10-17.27.02:384][  8]LogAssetRegistry: Asset discovery search completed in 14.8517 seconds
[2020.05.10-17.27.02:395][  8]LogCollectionManager: Fixed up redirectors for 0 collections in 0.000017 seconds (updated 0 objects)
[2020.05.10-17.27.18:325][249]LogSlate: Took 0.000591 seconds to synchronously load lazily loaded font '../../../Engine/Content/Slate/Fonts/Roboto-Light.ttf' (167K)
[2020.05.10-17.27.18:361][249]LogAssetEditorSubsystem: Opening Asset editor for Blueprint /Game/ThirdPersonBP/Blueprints/ThirdPersonCharacter.ThirdPersonCharacter
[2020.05.10-17.27.18:833][249]LogContentBrowser: Native class hierarchy updated for 'BlueprintGraph' in 0.0010 seconds. Added 121 classes and 0 folders.
[2020.05.10-17.27.20:712][249]LogSlate: Took 0.001057 seconds to synchronously load lazily loaded font '../../../Engine/Content/Slate/Fonts/Roboto-BoldCondensed.ttf' (158K)
[2020.05.10-17.27.21:112][250]LogSlate: Took 0.010957 seconds to synchronously load lazily loaded font '../../../Engine/Content/Slate/Fonts/Roboto-Italic.ttf' (157K)
[2020.05.10-17.37.46:549][ 92]LogUObjectHash: Compacting FUObjectHashTables data took   8.06ms
[2020.05.10-17.37.47:076][ 92]LogSavePackage: Moving '../../../../../../Users/User/Documents/Unreal Projects/RPG/Saved/ThirdPersonExampleMap_Auto164A3689C412FC90B221B1BBC71969C21.tmp' to '../../../../../../Users/User/Documents/Unreal Projects/RPG/Saved/Autosaves/Game/ThirdPersonBP/Maps/ThirdPersonExampleMap_Auto1.umap'
[2020.05.10-17.37.47:090][ 92]LogFileHelpers: Editor autosave (incl. sublevels) for '/Game/ThirdPersonBP/Maps/ThirdPersonExampleMap' took 0.623
[2020.05.10-17.37.47:090][ 92]LogFileHelpers: Editor autosave (incl. sublevels) for all levels took 0.623
[2020.05.10-17.37.47:091][ 92]OBJ SavePackage: Generating thumbnails for [1] asset(s) in package [/Game/ThirdPersonBP/Blueprints/ThirdPersonCharacter] ([1] browsable assets)...
[2020.05.10-17.37.47:118][ 92]OBJ SavePackage:     Rendered thumbnail for [Blueprint /Game/ThirdPersonBP/Blueprints/ThirdPersonCharacter.ThirdPersonCharacter]
[2020.05.10-17.37.47:118][ 92]OBJ SavePackage: Finished generating thumbnails for package [/Game/ThirdPersonBP/Blueprints/ThirdPersonCharacter]
[2020.05.10-17.37.47:242][ 92]LogSavePackage: Moving '../../../../../../Users/User/Documents/Unreal Projects/RPG/Saved/ThirdPersonCharacter_Auto19AB36CD64912786A557D8D8E00A65298.tmp' to '../../../../../../Users/User/Documents/Unreal Projects/RPG/Saved/Autosaves/Game/ThirdPersonBP/Blueprints/ThirdPersonCharacter_Auto1.uasset'
[2020.05.10-17.37.47:244][ 92]LogFileHelpers: Auto-saving content packages took 0.154
[2020.05.10-17.42.07:426][960]LogSlate: Took 0.012118 seconds to synchronously load lazily loaded font '../../../Engine/Content/Slate/Fonts/Roboto-BoldCondensedItalic.ttf' (160K)
[2020.05.10-17.44.07:498][127]BlueprintLog: New page: Compile ThirdPersonCharacter
[2020.05.10-17.44.08:014][127]LogUObjectHash: Compacting FUObjectHashTables data took   8.51ms
[2020.05.10-17.48.06:947][ 50]BlueprintLog: New page: Compile ThirdPersonCharacter
[2020.05.10-17.48.07:445][ 50]LogUObjectHash: Compacting FUObjectHashTables data took   9.49ms
[2020.05.10-17.48.12:079][261]LogSlate: Window 'ThirdPersonCharacter' being destroyed
[2020.05.10-17.48.12:086][261]LogSlate: Window 'ThirdPersonCharacter' being destroyed
[2020.05.10-17.48.12:117][261]LogWorld: UWorld::CleanupWorld for World_1, bSessionEnded=true, bCleanupResources=true
[2020.05.10-17.48.12:117][261]LogSlate: InvalidateAllWidgets triggered.  All widgets were invalidated
[2020.05.10-17.48.13:711][414]LogEditorViewport: Clicking on Actor (LMB): StaticMeshActor (Linear_Stair_StaticMesh)
[2020.05.10-17.48.15:215][507]LogEditorViewport: Clicking on Actor (LMB): ThirdPersonCharacter_C (ThirdPersonCharacter)
[2020.05.10-17.48.19:649][755]LogTemp: Repeating last play command: Selected Viewport
[2020.05.10-17.48.19:681][755]LogBlueprintUserMessages: Early PlayInEditor Detection: Level '/Game/ThirdPersonBP/Maps/ThirdPersonExampleMap.ThirdPersonExampleMap:PersistentLevel' has LevelScriptBlueprint '/Game/ThirdPersonBP/Maps/ThirdPersonExampleMap.ThirdPersonExampleMap:PersistentLevel.ThirdPersonExampleMap' with GeneratedClass '/Game/ThirdPersonBP/Maps/ThirdPersonExampleMap.ThirdPersonExampleMap_C' with ClassGeneratedBy '/Game/ThirdPersonBP/Maps/ThirdPersonExampleMap.ThirdPersonExampleMap:PersistentLevel.ThirdPersonExampleMap'
[2020.05.10-17.48.19:683][755]LogPlayLevel: PlayLevel: No blueprints needed recompiling
[2020.05.10-17.48.19:689][755]PIE: New page: PIE session: ThirdPersonExampleMap (May 10, 2020, 9:48:19 AM)
[2020.05.10-17.48.19:693][755]LogOnline: OSS: Creating online subsystem instance for: NULL
[2020.05.10-17.48.19:695][755]LogOnline: OSS: TryLoadSubsystemAndSetDefault: Loaded subsystem for module [NULL]
[2020.05.10-17.48.19:696][755]LogPlayLevel: Creating play world package: /Game/ThirdPersonBP/Maps/UEDPIE_0_ThirdPersonExampleMap
[2020.05.10-17.48.19:717][755]LogPlayLevel: PIE: StaticDuplicateObject took: (0.021116s)
[2020.05.10-17.48.19:720][755]LogAIModule: Creating AISystem for world ThirdPersonExampleMap
[2020.05.10-17.48.19:721][755]LogPlayLevel: PIE: World Init took: (0.003873s)
[2020.05.10-17.48.19:721][755]LogPlayLevel: PIE: Created PIE world by copying editor world from /Game/ThirdPersonBP/Maps/ThirdPersonExampleMap.ThirdPersonExampleMap to /Game/ThirdPersonBP/Maps/UEDPIE_0_ThirdPersonExampleMap.ThirdPersonExampleMap (0.025590s)
[2020.05.10-17.48.19:799][755]LogUObjectHash: Compacting FUObjectHashTables data took   8.23ms
[2020.05.10-17.48.19:803][755]LogAudioMixer: Display: Audio Mixer Platform Settings:
[2020.05.10-17.48.19:803][755]LogAudioMixer: Display: 	Sample Rate:						  48000
[2020.05.10-17.48.19:804][755]LogAudioMixer: Display: 	Callback Buffer Frame Size Requested: 1024
[2020.05.10-17.48.19:804][755]LogAudioMixer: Display: 	Callback Buffer Frame Size To Use:	  1024
[2020.05.10-17.48.19:804][755]LogAudioMixer: Display: 	Number of buffers to queue:			  2
[2020.05.10-17.48.19:804][755]LogAudioMixer: Display: 	Max Channels (voices):				  32
[2020.05.10-17.48.19:804][755]LogAudioMixer: Display: 	Number of Async Source Workers:		  0
[2020.05.10-17.48.19:804][755]LogAudio: Display: AudioDevice MaxSources: 32
[2020.05.10-17.48.19:805][755]LogAudio: Display: Using built-in audio occlusion.
[2020.05.10-17.48.19:805][755]LogAudioMixer: Display: Initializing audio mixer.
[2020.05.10-17.48.19:841][755]LogAudioMixer: Display: Audio Device Output Speaker Info:
[2020.05.10-17.48.19:841][755]LogAudioMixer: Display: Name: Headset Earphone (Razer Kraken 7.1 Chroma)
[2020.05.10-17.48.19:841][755]LogAudioMixer: Display: Is Default: Yes
[2020.05.10-17.48.19:841][755]LogAudioMixer: Display: Sample Rate: 48000
[2020.05.10-17.48.19:841][755]LogAudioMixer: Display: Channel Count Used: 2
[2020.05.10-17.48.19:841][755]LogAudioMixer: Display: Device Channel Count: 2
[2020.05.10-17.48.19:841][755]LogAudioMixer: Display: Channel Order:
[2020.05.10-17.48.19:841][755]LogAudioMixer: Display: 0: FrontLeft
[2020.05.10-17.48.19:841][755]LogAudioMixer: Display: 1: FrontRight
[2020.05.10-17.48.19:856][755]LogAudioMixer: Display: Using Audio Device Headset Earphone (Razer Kraken 7.1 Chroma)
[2020.05.10-17.48.19:861][755]LogInit: FAudioDevice initialized.
[2020.05.10-17.48.19:889][755]LogLoad: Game class is 'ThirdPersonGameMode_C'
[2020.05.10-17.48.19:900][755]LogWorld: Bringing World /Game/ThirdPersonBP/Maps/UEDPIE_0_ThirdPersonExampleMap.ThirdPersonExampleMap up for play (max tick rate 0) at 2020.05.10-13.48.19
[2020.05.10-17.48.19:903][755]LogWorld: Bringing up level for play took: 0.004290
[2020.05.10-17.48.19:903][755]LogOnline: OSS: Creating online subsystem instance for: :Context_6
[2020.05.10-17.48.19:931][755]LogContentBrowser: Native class hierarchy updated for 'MovieSceneCapture' in 0.0006 seconds. Added 20 classes and 0 folders.
[2020.05.10-17.48.19:945][755]PIE: Play in editor start time for /Game/ThirdPersonBP/Maps/UEDPIE_0_ThirdPersonExampleMap -0.15
[2020.05.10-17.48.19:946][755]LogBlueprintUserMessages: Late PlayInEditor Detection: Level '/Game/ThirdPersonBP/Maps/ThirdPersonExampleMap.ThirdPersonExampleMap:PersistentLevel' has LevelScriptBlueprint '/Game/ThirdPersonBP/Maps/ThirdPersonExampleMap.ThirdPersonExampleMap:PersistentLevel.ThirdPersonExampleMap' with GeneratedClass '/Game/ThirdPersonBP/Maps/ThirdPersonExampleMap.ThirdPersonExampleMap_C' with ClassGeneratedBy '/Game/ThirdPersonBP/Maps/ThirdPersonExampleMap.ThirdPersonExampleMap:PersistentLevel.ThirdPersonExampleMap'
[2020.05.10-17.48.29:632][620]LogAudioMixer: Display: No commands were queued while flushing the source manager.
[2020.05.10-17.48.29:632][620]LogAudioMixer: Display: No commands were queued while flushing the source manager.
[2020.05.10-17.48.29:632][620]LogBlueprintUserMessages: Early EndPlayMap Detection: Level '/Game/ThirdPersonBP/Maps/ThirdPersonExampleMap.ThirdPersonExampleMap:PersistentLevel' has LevelScriptBlueprint '/Game/ThirdPersonBP/Maps/ThirdPersonExampleMap.ThirdPersonExampleMap:PersistentLevel.ThirdPersonExampleMap' with GeneratedClass '/Game/ThirdPersonBP/Maps/ThirdPersonExampleMap.ThirdPersonExampleMap_C' with ClassGeneratedBy '/Game/ThirdPersonBP/Maps/ThirdPersonExampleMap.ThirdPersonExampleMap:PersistentLevel.ThirdPersonExampleMap'
[2020.05.10-17.48.29:634][620]LogSlate: Updating window title bar state: overlay mode, drag disabled, window buttons hidden, title bar hidden
[2020.05.10-17.48.29:634][620]LogWorld: BeginTearingDown for /Game/ThirdPersonBP/Maps/UEDPIE_0_ThirdPersonExampleMap
[2020.05.10-17.48.29:634][620]LogAudioMixer: Display: No commands were queued while flushing the source manager.
[2020.05.10-17.48.29:635][620]LogWorld: UWorld::CleanupWorld for ThirdPersonExampleMap, bSessionEnded=true, bCleanupResources=true
[2020.05.10-17.48.29:635][620]LogSlate: InvalidateAllWidgets triggered.  All widgets were invalidated
[2020.05.10-17.48.29:641][620]LogPlayLevel: Display: Shutting down PIE online subsystems
[2020.05.10-17.48.29:641][620]LogBlueprintUserMessages: Late EndPlayMap Detection: Level '/Game/ThirdPersonBP/Maps/ThirdPersonExampleMap.ThirdPersonExampleMap:PersistentLevel' has LevelScriptBlueprint '/Game/ThirdPersonBP/Maps/ThirdPersonExampleMap.ThirdPersonExampleMap:PersistentLevel.ThirdPersonExampleMap' with GeneratedClass '/Game/ThirdPersonBP/Maps/ThirdPersonExampleMap.ThirdPersonExampleMap_C' with ClassGeneratedBy '/Game/ThirdPersonBP/Maps/ThirdPersonExampleMap.ThirdPersonExampleMap:PersistentLevel.ThirdPersonExampleMap'
[2020.05.10-17.48.29:657][620]LogSlate: InvalidateAllWidgets triggered.  All widgets were invalidated
[2020.05.10-17.48.29:721][620]LogAudioMixer: Display: No commands were queued while flushing the source manager.
[2020.05.10-17.48.29:727][620]LogSlate: Updating window title bar state: overlay mode, drag disabled, window buttons hidden, title bar hidden
[2020.05.10-17.48.29:841][620]LogUObjectHash: Compacting FUObjectHashTables data took  11.04ms
[2020.05.10-17.48.29:881][621]LogPlayLevel: Display: Destroying online subsystem :Context_6
[2020.05.10-17.48.40:921][244]LogAssetEditorSubsystem: Opening Asset editor for Blueprint /Game/ThirdPersonBP/Blueprints/ThirdPersonCharacter.ThirdPersonCharacter
[2020.05.10-17.49.08:717][480]LogUObjectHash: Compacting FUObjectHashTables data took   7.05ms
[2020.05.10-17.49.09:164][480]LogSavePackage: Moving '../../../../../../Users/User/Documents/Unreal Projects/RPG/Saved/ThirdPersonExampleMap_Auto2367514424E684C0B8AA537BF58AA1ED6.tmp' to '../../../../../../Users/User/Documents/Unreal Projects/RPG/Saved/Autosaves/Game/ThirdPersonBP/Maps/ThirdPersonExampleMap_Auto2.umap'
[2020.05.10-17.49.09:168][480]LogFileHelpers: Editor autosave (incl. sublevels) for '/Game/ThirdPersonBP/Maps/ThirdPersonExampleMap' took 0.582
[2020.05.10-17.49.09:168][480]LogFileHelpers: Editor autosave (incl. sublevels) for all levels took 0.582
[2020.05.10-17.49.09:169][480]OBJ SavePackage: Generating thumbnails for [1] asset(s) in package [/Game/ThirdPersonBP/Blueprints/ThirdPersonCharacter] ([1] browsable assets)...
[2020.05.10-17.49.09:193][480]OBJ SavePackage:     Rendered thumbnail for [Blueprint /Game/ThirdPersonBP/Blueprints/ThirdPersonCharacter.ThirdPersonCharacter]
[2020.05.10-17.49.09:193][480]OBJ SavePackage: Finished generating thumbnails for package [/Game/ThirdPersonBP/Blueprints/ThirdPersonCharacter]
[2020.05.10-17.49.09:297][480]LogSavePackage: Moving '../../../../../../Users/User/Documents/Unreal Projects/RPG/Saved/ThirdPersonCharacter_Auto2D919142946CA5ED67FDA9ABA46512640.tmp' to '../../../../../../Users/User/Documents/Unreal Projects/RPG/Saved/Autosaves/Game/ThirdPersonBP/Blueprints/ThirdPersonCharacter_Auto2.uasset'
[2020.05.10-17.49.09:300][480]LogFileHelpers: Auto-saving content packages took 0.131
[2020.05.10-17.50.05:895][842]BlueprintLog: New page: Compile ThirdPersonCharacter
[2020.05.10-17.50.06:384][842]LogUObjectHash: Compacting FUObjectHashTables data took   7.68ms
[2020.05.10-17.50.41:550][665]BlueprintLog: New page: Compile ThirdPersonCharacter
[2020.05.10-17.50.42:051][665]LogUObjectHash: Compacting FUObjectHashTables data took   8.68ms
[2020.05.10-17.51.20:572][556]BlueprintLog: New page: Compile ThirdPersonCharacter
[2020.05.10-17.51.21:075][556]LogUObjectHash: Compacting FUObjectHashTables data took   8.36ms
[2020.05.10-17.52.08:397][314]BlueprintLog: New page: Compile ThirdPersonCharacter
[2020.05.10-17.52.08:912][314]LogUObjectHash: Compacting FUObjectHashTables data took   9.91ms
[2020.05.10-17.52.17:735][564]LogSavePackage: Moving '../../../../../../Users/User/Documents/Unreal Projects/RPG/Saved/ThirdPersonCharacterCDE51263487FBE79C0153E9623B76586.tmp' to '../../../../../../Users/User/Documents/Unreal Projects/RPG/Content/ThirdPersonBP/Blueprints/ThirdPersonCharacter.uasset'
[2020.05.10-17.52.17:774][564]AssetCheck: New page: Asset Save: ThirdPersonCharacter
[2020.05.10-17.52.17:774][564]LogContentValidation: Display: Validating Blueprint /Game/ThirdPersonBP/Blueprints/ThirdPersonCharacter.ThirdPersonCharacter
[2020.05.10-17.52.21:053][714]LogSlate: Window 'ThirdPersonCharacter' being destroyed
[2020.05.10-17.52.21:061][714]LogSlate: Window 'ThirdPersonCharacter' being destroyed
[2020.05.10-17.52.21:062][714]LogWorld: UWorld::CleanupWorld for World_5, bSessionEnded=true, bCleanupResources=true
[2020.05.10-17.52.21:062][714]LogSlate: InvalidateAllWidgets triggered.  All widgets were invalidated
[2020.05.10-17.52.23:872][966]LogAssetEditorSubsystem: Opening Asset editor for Blueprint /Game/ThirdPersonBP/Blueprints/ThirdPersonCharacter.ThirdPersonCharacter
[2020.05.10-17.52.26:546][ 43]LogSlate: Window 'ThirdPersonCharacter' being destroyed
[2020.05.10-17.52.26:552][ 43]LogSlate: Window 'ThirdPersonCharacter' being destroyed
[2020.05.10-17.52.26:553][ 43]LogWorld: UWorld::CleanupWorld for World_6, bSessionEnded=true, bCleanupResources=true
[2020.05.10-17.52.26:553][ 43]LogSlate: InvalidateAllWidgets triggered.  All widgets were invalidated
[2020.05.10-17.52.27:983][171]LogTemp: Repeating last play command: Selected Viewport
[2020.05.10-17.52.28:016][171]LogBlueprintUserMessages: Early PlayInEditor Detection: Level '/Game/ThirdPersonBP/Maps/ThirdPersonExampleMap.ThirdPersonExampleMap:PersistentLevel' has LevelScriptBlueprint '/Game/ThirdPersonBP/Maps/ThirdPersonExampleMap.ThirdPersonExampleMap:PersistentLevel.ThirdPersonExampleMap' with GeneratedClass '/Game/ThirdPersonBP/Maps/ThirdPersonExampleMap.ThirdPersonExampleMap_C' with ClassGeneratedBy '/Game/ThirdPersonBP/Maps/ThirdPersonExampleMap.ThirdPersonExampleMap:PersistentLevel.ThirdPersonExampleMap'
[2020.05.10-17.52.28:016][171]LogPlayLevel: PlayLevel: No blueprints needed recompiling
[2020.05.10-17.52.28:016][171]PIE: New page: PIE session: ThirdPersonExampleMap (May 10, 2020, 9:52:28 AM)
[2020.05.10-17.52.28:016][171]LogPlayLevel: Creating play world package: /Game/ThirdPersonBP/Maps/UEDPIE_0_ThirdPersonExampleMap
[2020.05.10-17.52.28:037][171]LogPlayLevel: PIE: StaticDuplicateObject took: (0.020649s)
[2020.05.10-17.52.28:039][171]LogAIModule: Creating AISystem for world ThirdPersonExampleMap
[2020.05.10-17.52.28:039][171]LogPlayLevel: PIE: World Init took: (0.002092s)
[2020.05.10-17.52.28:039][171]LogPlayLevel: PIE: Created PIE world by copying editor world from /Game/ThirdPersonBP/Maps/ThirdPersonExampleMap.ThirdPersonExampleMap to /Game/ThirdPersonBP/Maps/UEDPIE_0_ThirdPersonExampleMap.ThirdPersonExampleMap (0.022966s)
[2020.05.10-17.52.28:113][171]LogUObjectHash: Compacting FUObjectHashTables data took   9.69ms
[2020.05.10-17.52.28:115][171]LogAudioMixer: Display: Audio Mixer Platform Settings:
[2020.05.10-17.52.28:115][171]LogAudioMixer: Display: 	Sample Rate:						  48000
[2020.05.10-17.52.28:115][171]LogAudioMixer: Display: 	Callback Buffer Frame Size Requested: 1024
[2020.05.10-17.52.28:115][171]LogAudioMixer: Display: 	Callback Buffer Frame Size To Use:	  1024
[2020.05.10-17.52.28:115][171]LogAudioMixer: Display: 	Number of buffers to queue:			  2
[2020.05.10-17.52.28:115][171]LogAudioMixer: Display: 	Max Channels (voices):				  32
[2020.05.10-17.52.28:115][171]LogAudioMixer: Display: 	Number of Async Source Workers:		  0
[2020.05.10-17.52.28:115][171]LogAudio: Display: AudioDevice MaxSources: 32
[2020.05.10-17.52.28:117][171]LogAudio: Display: Using built-in audio occlusion.
[2020.05.10-17.52.28:117][171]LogAudioMixer: Display: Initializing audio mixer.
[2020.05.10-17.52.28:150][171]LogAudioMixer: Display: Audio Device Output Speaker Info:
[2020.05.10-17.52.28:150][171]LogAudioMixer: Display: Name: Headset Earphone (Razer Kraken 7.1 Chroma)
[2020.05.10-17.52.28:150][171]LogAudioMixer: Display: Is Default: Yes
[2020.05.10-17.52.28:150][171]LogAudioMixer: Display: Sample Rate: 48000
[2020.05.10-17.52.28:150][171]LogAudioMixer: Display: Channel Count Used: 2
[2020.05.10-17.52.28:150][171]LogAudioMixer: Display: Device Channel Count: 2
[2020.05.10-17.52.28:150][171]LogAudioMixer: Display: Channel Order:
[2020.05.10-17.52.28:150][171]LogAudioMixer: Display: 0: FrontLeft
[2020.05.10-17.52.28:150][171]LogAudioMixer: Display: 1: FrontRight
[2020.05.10-17.52.28:165][171]LogAudioMixer: Display: Using Audio Device Headset Earphone (Razer Kraken 7.1 Chroma)
[2020.05.10-17.52.28:168][171]LogInit: FAudioDevice initialized.
[2020.05.10-17.52.28:185][171]LogLoad: Game class is 'ThirdPersonGameMode_C'
[2020.05.10-17.52.28:188][171]LogWorld: Bringing World /Game/ThirdPersonBP/Maps/UEDPIE_0_ThirdPersonExampleMap.ThirdPersonExampleMap up for play (max tick rate 0) at 2020.05.10-13.52.28
[2020.05.10-17.52.28:189][171]LogWorld: Bringing up level for play took: 0.002498
[2020.05.10-17.52.28:189][171]LogOnline: OSS: Creating online subsystem instance for: :Context_9
[2020.05.10-17.52.28:192][171]PIE: Play in editor start time for /Game/ThirdPersonBP/Maps/UEDPIE_0_ThirdPersonExampleMap 0.096
[2020.05.10-17.52.28:192][171]LogBlueprintUserMessages: Late PlayInEditor Detection: Level '/Game/ThirdPersonBP/Maps/ThirdPersonExampleMap.ThirdPersonExampleMap:PersistentLevel' has LevelScriptBlueprint '/Game/ThirdPersonBP/Maps/ThirdPersonExampleMap.ThirdPersonExampleMap:PersistentLevel.ThirdPersonExampleMap' with GeneratedClass '/Game/ThirdPersonBP/Maps/ThirdPersonExampleMap.ThirdPersonExampleMap_C' with ClassGeneratedBy '/Game/ThirdPersonBP/Maps/ThirdPersonExampleMap.ThirdPersonExampleMap:PersistentLevel.ThirdPersonExampleMap'
[2020.05.10-17.53.01:413][682]LogAudioMixer: Display: No commands were queued while flushing the source manager.
[2020.05.10-17.53.01:413][682]LogAudioMixer: Display: No commands were queued while flushing the source manager.
[2020.05.10-17.53.01:413][682]LogBlueprintUserMessages: Early EndPlayMap Detection: Level '/Game/ThirdPersonBP/Maps/ThirdPersonExampleMap.ThirdPersonExampleMap:PersistentLevel' has LevelScriptBlueprint '/Game/ThirdPersonBP/Maps/ThirdPersonExampleMap.ThirdPersonExampleMap:PersistentLevel.ThirdPersonExampleMap' with GeneratedClass '/Game/ThirdPersonBP/Maps/ThirdPersonExampleMap.ThirdPersonExampleMap_C' with ClassGeneratedBy '/Game/ThirdPersonBP/Maps/ThirdPersonExampleMap.ThirdPersonExampleMap:PersistentLevel.ThirdPersonExampleMap'
[2020.05.10-17.53.01:413][682]LogSlate: Updating window title bar state: overlay mode, drag disabled, window buttons hidden, title bar hidden
[2020.05.10-17.53.01:413][682]LogWorld: BeginTearingDown for /Game/ThirdPersonBP/Maps/UEDPIE_0_ThirdPersonExampleMap
[2020.05.10-17.53.01:414][682]LogAudioMixer: Display: No commands were queued while flushing the source manager.
[2020.05.10-17.53.01:414][682]LogWorld: UWorld::CleanupWorld for ThirdPersonExampleMap, bSessionEnded=true, bCleanupResources=true
[2020.05.10-17.53.01:414][682]LogSlate: InvalidateAllWidgets triggered.  All widgets were invalidated
[2020.05.10-17.53.01:424][682]LogPlayLevel: Display: Shutting down PIE online subsystems
[2020.05.10-17.53.01:425][682]LogBlueprintUserMessages: Late EndPlayMap Detection: Level '/Game/ThirdPersonBP/Maps/ThirdPersonExampleMap.ThirdPersonExampleMap:PersistentLevel' has LevelScriptBlueprint '/Game/ThirdPersonBP/Maps/ThirdPersonExampleMap.ThirdPersonExampleMap:PersistentLevel.ThirdPersonExampleMap' with GeneratedClass '/Game/ThirdPersonBP/Maps/ThirdPersonExampleMap.ThirdPersonExampleMap_C' with ClassGeneratedBy '/Game/ThirdPersonBP/Maps/ThirdPersonExampleMap.ThirdPersonExampleMap:PersistentLevel.ThirdPersonExampleMap'
[2020.05.10-17.53.01:436][682]LogSlate: InvalidateAllWidgets triggered.  All widgets were invalidated
[2020.05.10-17.53.01:495][682]LogAudioMixer: Display: No commands were queued while flushing the source manager.
[2020.05.10-17.53.01:501][682]LogSlate: Updating window title bar state: overlay mode, drag disabled, window buttons hidden, title bar hidden
[2020.05.10-17.53.01:509][682]LogUObjectHash: Compacting FUObjectHashTables data took   6.32ms
[2020.05.10-17.53.01:547][683]LogPlayLevel: Display: Destroying online subsystem :Context_9
[2020.05.10-17.53.47:394][670]LogAssetEditorSubsystem: Opening Asset editor for Blueprint /Game/ThirdPersonBP/Blueprints/ThirdPersonCharacter.ThirdPersonCharacter
[2020.05.10-17.54.24:121][465]BlueprintLog: New page: Compile ThirdPersonCharacter
[2020.05.10-17.54.24:621][465]LogUObjectHash: Compacting FUObjectHashTables data took   7.77ms
[2020.05.10-17.54.26:163][527]LogSlate: Window 'ThirdPersonCharacter' being destroyed
[2020.05.10-17.54.26:171][527]LogSlate: Window 'ThirdPersonCharacter' being destroyed
[2020.05.10-17.54.26:172][527]LogWorld: UWorld::CleanupWorld for World_7, bSessionEnded=true, bCleanupResources=true
[2020.05.10-17.54.26:172][527]LogSlate: InvalidateAllWidgets triggered.  All widgets were invalidated
[2020.05.10-17.54.28:815][784]LogTemp: Repeating last play command: Selected Viewport
[2020.05.10-17.54.28:845][784]LogBlueprintUserMessages: Early PlayInEditor Detection: Level '/Game/ThirdPersonBP/Maps/ThirdPersonExampleMap.ThirdPersonExampleMap:PersistentLevel' has LevelScriptBlueprint '/Game/ThirdPersonBP/Maps/ThirdPersonExampleMap.ThirdPersonExampleMap:PersistentLevel.ThirdPersonExampleMap' with GeneratedClass '/Game/ThirdPersonBP/Maps/ThirdPersonExampleMap.ThirdPersonExampleMap_C' with ClassGeneratedBy '/Game/ThirdPersonBP/Maps/ThirdPersonExampleMap.ThirdPersonExampleMap:PersistentLevel.ThirdPersonExampleMap'
[2020.05.10-17.54.28:846][784]LogPlayLevel: PlayLevel: No blueprints needed recompiling
[2020.05.10-17.54.28:846][784]PIE: New page: PIE session: ThirdPersonExampleMap (May 10, 2020, 9:54:28 AM)
[2020.05.10-17.54.28:846][784]LogPlayLevel: Creating play world package: /Game/ThirdPersonBP/Maps/UEDPIE_0_ThirdPersonExampleMap
[2020.05.10-17.54.28:867][784]LogPlayLevel: PIE: StaticDuplicateObject took: (0.020460s)
[2020.05.10-17.54.28:869][784]LogAIModule: Creating AISystem for world ThirdPersonExampleMap
[2020.05.10-17.54.28:869][784]LogPlayLevel: PIE: World Init took: (0.002356s)
[2020.05.10-17.54.28:869][784]LogPlayLevel: PIE: Created PIE world by copying editor world from /Game/ThirdPersonBP/Maps/ThirdPersonExampleMap.ThirdPersonExampleMap to /Game/ThirdPersonBP/Maps/UEDPIE_0_ThirdPersonExampleMap.ThirdPersonExampleMap (0.023071s)
[2020.05.10-17.54.28:941][784]LogUObjectHash: Compacting FUObjectHashTables data took   8.66ms
[2020.05.10-17.54.28:943][784]LogAudioMixer: Display: Audio Mixer Platform Settings:
[2020.05.10-17.54.28:943][784]LogAudioMixer: Display: 	Sample Rate:						  48000
[2020.05.10-17.54.28:943][784]LogAudioMixer: Display: 	Callback Buffer Frame Size Requested: 1024
[2020.05.10-17.54.28:943][784]LogAudioMixer: Display: 	Callback Buffer Frame Size To Use:	  1024
[2020.05.10-17.54.28:943][784]LogAudioMixer: Display: 	Number of buffers to queue:			  2
[2020.05.10-17.54.28:943][784]LogAudioMixer: Display: 	Max Channels (voices):				  32
[2020.05.10-17.54.28:944][784]LogAudioMixer: Display: 	Number of Async Source Workers:		  0
[2020.05.10-17.54.28:944][784]LogAudio: Display: AudioDevice MaxSources: 32
[2020.05.10-17.54.28:945][784]LogAudio: Display: Using built-in audio occlusion.
[2020.05.10-17.54.28:945][784]LogAudioMixer: Display: Initializing audio mixer.
[2020.05.10-17.54.28:979][784]LogAudioMixer: Display: Audio Device Output Speaker Info:
[2020.05.10-17.54.28:979][784]LogAudioMixer: Display: Name: Headset Earphone (Razer Kraken 7.1 Chroma)
[2020.05.10-17.54.28:979][784]LogAudioMixer: Display: Is Default: Yes
[2020.05.10-17.54.28:979][784]LogAudioMixer: Display: Sample Rate: 48000
[2020.05.10-17.54.28:979][784]LogAudioMixer: Display: Channel Count Used: 2
[2020.05.10-17.54.28:979][784]LogAudioMixer: Display: Device Channel Count: 2
[2020.05.10-17.54.28:979][784]LogAudioMixer: Display: Channel Order:
[2020.05.10-17.54.28:979][784]LogAudioMixer: Display: 0: FrontLeft
[2020.05.10-17.54.28:979][784]LogAudioMixer: Display: 1: FrontRight
[2020.05.10-17.54.28:994][784]LogAudioMixer: Display: Using Audio Device Headset Earphone (Razer Kraken 7.1 Chroma)
[2020.05.10-17.54.28:997][784]LogInit: FAudioDevice initialized.
[2020.05.10-17.54.29:008][784]LogLoad: Game class is 'ThirdPersonGameMode_C'
[2020.05.10-17.54.29:012][784]LogWorld: Bringing World /Game/ThirdPersonBP/Maps/UEDPIE_0_ThirdPersonExampleMap.ThirdPersonExampleMap up for play (max tick rate 0) at 2020.05.10-13.54.29
[2020.05.10-17.54.29:013][784]LogWorld: Bringing up level for play took: 0.003553
[2020.05.10-17.54.29:013][784]LogOnline: OSS: Creating online subsystem instance for: :Context_11
[2020.05.10-17.54.29:017][784]PIE: Play in editor start time for /Game/ThirdPersonBP/Maps/UEDPIE_0_ThirdPersonExampleMap 0.921
[2020.05.10-17.54.29:017][784]LogBlueprintUserMessages: Late PlayInEditor Detection: Level '/Game/ThirdPersonBP/Maps/ThirdPersonExampleMap.ThirdPersonExampleMap:PersistentLevel' has LevelScriptBlueprint '/Game/ThirdPersonBP/Maps/ThirdPersonExampleMap.ThirdPersonExampleMap:PersistentLevel.ThirdPersonExampleMap' with GeneratedClass '/Game/ThirdPersonBP/Maps/ThirdPersonExampleMap.ThirdPersonExampleMap_C' with ClassGeneratedBy '/Game/ThirdPersonBP/Maps/ThirdPersonExampleMap.ThirdPersonExampleMap:PersistentLevel.ThirdPersonExampleMap'
[2020.05.10-17.54.40:750][  7]LogAudioMixer: Display: No commands were queued while flushing the source manager.
[2020.05.10-17.54.40:750][  7]LogAudioMixer: Display: No commands were queued while flushing the source manager.
[2020.05.10-17.54.40:750][  7]LogBlueprintUserMessages: Early EndPlayMap Detection: Level '/Game/ThirdPersonBP/Maps/ThirdPersonExampleMap.ThirdPersonExampleMap:PersistentLevel' has LevelScriptBlueprint '/Game/ThirdPersonBP/Maps/ThirdPersonExampleMap.ThirdPersonExampleMap:PersistentLevel.ThirdPersonExampleMap' with GeneratedClass '/Game/ThirdPersonBP/Maps/ThirdPersonExampleMap.ThirdPersonExampleMap_C' with ClassGeneratedBy '/Game/ThirdPersonBP/Maps/ThirdPersonExampleMap.ThirdPersonExampleMap:PersistentLevel.ThirdPersonExampleMap'
[2020.05.10-17.54.40:751][  7]LogSlate: Updating window title bar state: overlay mode, drag disabled, window buttons hidden, title bar hidden
[2020.05.10-17.54.40:751][  7]LogWorld: BeginTearingDown for /Game/ThirdPersonBP/Maps/UEDPIE_0_ThirdPersonExampleMap
[2020.05.10-17.54.40:751][  7]LogAudioMixer: Display: No commands were queued while flushing the source manager.
[2020.05.10-17.54.40:752][  7]LogWorld: UWorld::CleanupWorld for ThirdPersonExampleMap, bSessionEnded=true, bCleanupResources=true
[2020.05.10-17.54.40:752][  7]LogSlate: InvalidateAllWidgets triggered.  All widgets were invalidated
[2020.05.10-17.54.40:760][  7]LogPlayLevel: Display: Shutting down PIE online subsystems
[2020.05.10-17.54.40:760][  7]LogBlueprintUserMessages: Late EndPlayMap Detection: Level '/Game/ThirdPersonBP/Maps/ThirdPersonExampleMap.ThirdPersonExampleMap:PersistentLevel' has LevelScriptBlueprint '/Game/ThirdPersonBP/Maps/ThirdPersonExampleMap.ThirdPersonExampleMap:PersistentLevel.ThirdPersonExampleMap' with GeneratedClass '/Game/ThirdPersonBP/Maps/ThirdPersonExampleMap.ThirdPersonExampleMap_C' with ClassGeneratedBy '/Game/ThirdPersonBP/Maps/ThirdPersonExampleMap.ThirdPersonExampleMap:PersistentLevel.ThirdPersonExampleMap'
[2020.05.10-17.54.40:773][  7]LogSlate: InvalidateAllWidgets triggered.  All widgets were invalidated
[2020.05.10-17.54.40:831][  7]LogAudioMixer: Display: No commands were queued while flushing the source manager.
[2020.05.10-17.54.40:836][  7]LogSlate: Updating window title bar state: overlay mode, drag disabled, window buttons hidden, title bar hidden
[2020.05.10-17.54.40:844][  7]LogUObjectHash: Compacting FUObjectHashTables data took   6.33ms
[2020.05.10-17.54.40:874][  8]LogPlayLevel: Display: Destroying online subsystem :Context_11
[2020.05.10-17.54.42:657][160]LogUObjectHash: Compacting FUObjectHashTables data took   2.32ms
[2020.05.10-17.54.43:101][160]LogSavePackage: Moving '../../../../../../Users/User/Documents/Unreal Projects/RPG/Saved/ThirdPersonExampleMap4842D15E41FEF1DFD3C5D9925953545B.tmp' to '../../../../../../Users/User/Documents/Unreal Projects/RPG/Content/ThirdPersonBP/Maps/ThirdPersonExampleMap.umap'
[2020.05.10-17.54.43:568][160]LogSavePackage: Moving '../../../../../../Users/User/Documents/Unreal Projects/RPG/Saved/ThirdPersonExampleMap_BuiltData304D8EE94FB6DD1C61B9B8BFE8BE4B6A.tmp' to '../../../../../../Users/User/Documents/Unreal Projects/RPG/Content/ThirdPersonBP/Maps/ThirdPersonExampleMap_BuiltData.uasset'
[2020.05.10-17.54.43:603][160]AssetCheck: New page: Asset Save: multiple assets
[2020.05.10-17.54.43:603][160]LogContentValidation: Display: Validating World /Game/ThirdPersonBP/Maps/ThirdPersonExampleMap.ThirdPersonExampleMap
[2020.05.10-17.54.43:603][160]LogContentValidation: Display: Validating MapBuildDataRegistry /Game/ThirdPersonBP/Maps/ThirdPersonExampleMap_BuiltData.ThirdPersonExampleMap_BuiltData
